#0 building with "default" instance using docker driver

#1 [internal] load build definition from Dockerfile.test
#1 transferring dockerfile: 1.18kB done
#1 DONE 0.0s

#2 [internal] load metadata for docker.io/library/fedora:40
#2 DONE 0.1s

#3 [internal] load .dockerignore
#3 transferring context: 153B done
#3 DONE 0.0s

#4 [1/8] FROM docker.io/library/fedora:40@sha256:3c86d25fef9d2001712bc3d9b091fc40cf04be4767e48f1aa3b785bf58d300ed
#4 resolve docker.io/library/fedora:40@sha256:3c86d25fef9d2001712bc3d9b091fc40cf04be4767e48f1aa3b785bf58d300ed 0.1s done
#4 DONE 0.1s

#5 [internal] load build context
#5 transferring context: 27.30MB 0.6s done
#5 DONE 0.7s

#6 [2/8] RUN dnf -y install     gcc-c++     cmake     ninja-build     patch     extra-cmake-modules     pkgconf-pkg-config     qt6-qtbase-devel     qt6-qtbase-private-devel     qt6-qtdeclarative-devel     qt6-qtsvg-devel     qt6-qtmultimedia-devel     qt6-qtwayland     mpv-libs-devel     weston     xorg-x11-server-Xwayland     mesa-dri-drivers     libX11-devel     libXext-devel     libXrender-devel     libxkbcommon-devel     strace     && dnf clean all
#6 CACHED

#7 [3/8] WORKDIR /app
#7 CACHED

#8 [4/8] COPY . /app
#8 DONE 0.2s

#9 [5/8] RUN patch -p1 < flatpak/patches/mpvqt-flatpak-fixes.patch
#9 0.238 patching file 3rdparty/mpvqt/CMakeLists.txt
#9 0.238 patching file 3rdparty/mpvqt/src/CMakeLists.txt
#9 0.238 patching file 3rdparty/mpvqt/src/mpvrenderer.cpp
#9 DONE 0.3s

#10 [6/8] RUN sed -i 's/ECM 6.15.0/ECM 6.13.0/g' 3rdparty/mpvqt/CMakeLists.txt
#10 DONE 0.4s

#11 [7/8] RUN mkdir build_container && cd build_container &&     cmake -G Ninja ..     -DCMAKE_BUILD_TYPE=Release     -DECM_DIR=/usr/share/ECM/cmake &&     ninja
#11 0.375 -- The CXX compiler identification is GNU 14.2.1
#11 0.382 -- Detecting CXX compiler ABI info
#11 0.421 -- Detecting CXX compiler ABI info - done
#11 0.427 -- Check for working CXX compiler: /usr/bin/c++ - skipped
#11 0.427 -- Detecting CXX compile features
#11 0.427 -- Detecting CXX compile features - done
#11 0.438 -- Performing Test CMAKE_HAVE_LIBC_PTHREAD
#11 0.486 -- Performing Test CMAKE_HAVE_LIBC_PTHREAD - Success
#11 0.487 -- Found Threads: TRUE
#11 0.493 -- Performing Test HAVE_STDATOMIC
#11 0.548 -- Performing Test HAVE_STDATOMIC - Success
#11 0.548 -- Found WrapAtomic: TRUE
#11 0.562 -- Found OpenGL: /usr/lib64/libOpenGL.so
#11 0.563 -- Found WrapOpenGL: TRUE
#11 0.641 -- Found XKB: /usr/lib64/libxkbcommon.so (found suitable version "1.6.0", minimum required is "0.5.0")
#11 0.666 -- Found WrapVulkanHeaders: /usr/include
#11 0.779 -- Found PkgConfig: /usr/bin/pkg-config (found version "2.1.1")
#11 0.780 -- Checking for module 'mpv'
#11 0.800 --   Found mpv, version 2.2.0
#11 0.891 -- Installing in the same prefix as Qt, adopting their path scheme.
#11 0.904 -- Looking for __GLIBC__
#11 0.949 -- Looking for __GLIBC__ - found
#11 0.949 -- Performing Test _OFFT_IS_64BIT
#11 0.991 -- Performing Test _OFFT_IS_64BIT - Success
#11 0.992 -- Performing Test HAVE_DATE_TIME
#11 1.032 -- Performing Test HAVE_DATE_TIME - Success
#11 1.140 -- Found Libmpv: /usr/lib64/libmpv.so (found version "2.2.0")
#11 1.141 -- The following OPTIONAL packages have been found:
#11 1.141 
#11 1.141  * OpenGL
#11 1.141  * XKB (required version >= 0.5.0), XKB API common to servers and clients., <http://xkbcommon.org>
#11 1.141  * Qt6GuiTools (required version >= 6.8.2)
#11 1.141  * Qt6CoreTools (required version >= 6.8.2)
#11 1.141  * Qt6DBusTools (required version >= 6.8.2)
#11 1.141  * WrapVulkanHeaders
#11 1.141  * Qt6Test
#11 1.141  * Qt6QuickTest
#11 1.141  * Qt6QmlTools (required version >= 6.8.2)
#11 1.141  * Qt6QuickTools (required version >= 6.8.2)
#11 1.141 
#11 1.141 -- The following REQUIRED packages have been found:
#11 1.141 
#11 1.141  * ECM (required version >= 6.13.0), Extra modules and scripts for CMake, <https://api.kde.org/ecm/>
#11 1.141  * Qt6
#11 1.141  * Qt6Quick (required version >= 6.5.0)
#11 1.141  * PkgConfig
#11 1.141  * Libmpv, mpv media player client library, <https://mpv.io>
#11 1.141 
#11 1.143 -- Performing Test COMPILER_HAS_HIDDEN_VISIBILITY
#11 1.183 -- Performing Test COMPILER_HAS_HIDDEN_VISIBILITY - Success
#11 1.184 -- Performing Test COMPILER_HAS_HIDDEN_INLINE_VISIBILITY
#11 1.225 -- Performing Test COMPILER_HAS_HIDDEN_INLINE_VISIBILITY - Success
#11 1.225 -- Performing Test COMPILER_HAS_DEPRECATED_ATTR
#11 1.269 -- Performing Test COMPILER_HAS_DEPRECATED_ATTR - Success
#11 1.401 -- Configuring done (1.1s)
#11 1.438 -- Generating done (0.0s)
#11 1.439 -- Build files have been written to: /app/build_container
#11 1.455 [1/119] Copying flex_player_test qml resources into build dir
#11 1.455 [2/119] Copying flex_player_app qml resources into build dir
#11 1.455 [3/119] Copying flex_player_app qml sources into build dir
#11 1.455 [4/119] Copying flex_player_test qml sources into build dir
#11 1.501 [5/119] Running qmlimportscanner for flex_player_test
#11 1.504 [6/119] Running qmlimportscanner for flex_player_app
#11 1.608 [7/119] Automatic MOC for target MpvQt
#11 1.614 [8/119] Building CXX object 3rdparty/mpvqt/src/CMakeFiles/MpvQt.dir/MpvQt_autogen/mocs_compilation.cpp.o
#11 2.482 [9/119] Building CXX object 3rdparty/mpvqt/src/CMakeFiles/MpvQt.dir/mpvcontroller.cpp.o
#11 2.502 [10/119] Building CXX object 3rdparty/mpvqt/src/CMakeFiles/MpvQt.dir/mpvrenderer.cpp.o
#11 2.708 [11/119] Building CXX object 3rdparty/mpvqt/src/CMakeFiles/MpvQt.dir/mpvabstractitem.cpp.o
#11 2.874 [12/119] Linking CXX shared library bin/libMpvQt.so.1.2.0
#11 2.881 [13/119] Creating library symlink bin/libMpvQt.so.3 bin/libMpvQt.so
#11 3.485 [14/119] Automatic MOC and UIC for target flex_player_app
#11 3.487 [15/119] Running AUTOMOC file extraction for target flex_player_app
#11 3.488 [16/119] Automatic MOC and UIC for target flex_player_test
#11 3.489 [17/119] Running rcc for resource flex_player_app_raw_qml_0_extra_qmldirs
#11 3.489 [18/119] Running rcc for resource qmake_flex_player
#11 3.489 [19/119] Running AUTOMOC file extraction for target flex_player_test
#11 3.491 [20/119] Running rcc for resource qmake_flex_player_test_module
#11 3.491 [21/119] Running rcc for resource flex_player_test_raw_qml_0_extra_qmldirs
#11 3.491 [22/119] Running moc --collect-json for target flex_player_app
#11 3.493 [23/119] Running moc --collect-json for target flex_player_test
#11 3.498 [24/119] Generating .rcc/qmlcache/flex_player_app_qmlcache_loader.cpp
#11 3.503 [25/119] Generating .rcc/qmlcache/flex_player_test_qmlcache_loader.cpp
#11 3.526 [26/119] Running rcc for resource flex_player_app_raw_qml_0
#11 3.527 [27/119] Automatic QML type registration for target flex_player_test
#11 3.529 [28/119] Automatic QML type registration for target flex_player_app
#11 3.534 [29/119] Running rcc for resource flex_player_test_raw_qml_0
#11 3.594 [30/119] Generating .rcc/qmlcache/flex_player_test_src/AppConfig_qml.cpp, .rcc/qmlcache/flex_player_test_src/AppConfig_qml.cpp.aotstats
#11 3.599 [31/119] Generating .rcc/qmlcache/flex_player_app_src/SidebarView_qml.cpp, .rcc/qmlcache/flex_player_app_src/SidebarView_qml.cpp.aotstats
#11 3.599 [32/119] Generating .rcc/qmlcache/flex_player_app_src/AppConfig_qml.cpp, .rcc/qmlcache/flex_player_app_src/AppConfig_qml.cpp.aotstats
#11 3.603 [33/119] Generating .rcc/qmlcache/flex_player_app_src/CollectionMoviesView_qml.cpp, .rcc/qmlcache/flex_player_app_src/CollectionMoviesView_qml.cpp.aotstats
#11 3.603 [34/119] Generating .rcc/qmlcache/flex_player_test_src/MoviePosterDelegate_qml.cpp, .rcc/qmlcache/flex_player_test_src/MoviePosterDelegate_qml.cpp.aotstats
#11 3.606 [35/119] Generating .rcc/qmlcache/flex_player_test_src/SidebarView_qml.cpp, .rcc/qmlcache/flex_player_test_src/SidebarView_qml.cpp.aotstats
#11 3.608 [36/119] Generating .rcc/qmlcache/flex_player_app_src/MoviePosterDelegate_qml.cpp, .rcc/qmlcache/flex_player_app_src/MoviePosterDelegate_qml.cpp.aotstats
#11 3.608 [37/119] Generating .rcc/qmlcache/flex_player_test_src/GlobalController_qml.cpp, .rcc/qmlcache/flex_player_test_src/GlobalController_qml.cpp.aotstats
#11 3.608 [38/119] Generating .rcc/qmlcache/flex_player_test_src/HomeView_qml.cpp, .rcc/qmlcache/flex_player_test_src/HomeView_qml.cpp.aotstats
#11 3.608 [39/119] Generating .rcc/qmlcache/flex_player_test_src/LibraryRail_qml.cpp, .rcc/qmlcache/flex_player_test_src/LibraryRail_qml.cpp.aotstats
#11 3.609 [40/119] Generating .rcc/qmlcache/flex_player_test_src/DetailsCastList_qml.cpp, .rcc/qmlcache/flex_player_test_src/DetailsCastList_qml.cpp.aotstats
#11 3.611 [41/119] Generating .rcc/qmlcache/flex_player_app_src/LibraryRail_qml.cpp, .rcc/qmlcache/flex_player_app_src/LibraryRail_qml.cpp.aotstats
#11 3.611 [42/119] Generating .rcc/qmlcache/flex_player_app_src/DetailsCastList_qml.cpp, .rcc/qmlcache/flex_player_app_src/DetailsCastList_qml.cpp.aotstats
#11 3.613 [43/119] Generating .rcc/qmlcache/flex_player_app_src/SeriesDetailsView_qml.cpp, .rcc/qmlcache/flex_player_app_src/SeriesDetailsView_qml.cpp.aotstats
#11 3.614 [44/119] Generating .rcc/qmlcache/flex_player_test_src/LibraryRecommendView_qml.cpp, .rcc/qmlcache/flex_player_test_src/LibraryRecommendView_qml.cpp.aotstats
#11 3.614 [45/119] Generating .rcc/qmlcache/flex_player_app_src/HomeView_qml.cpp, .rcc/qmlcache/flex_player_app_src/HomeView_qml.cpp.aotstats
#11 3.616 [46/119] Generating .rcc/qmlcache/flex_player_app_src/GlobalController_qml.cpp, .rcc/qmlcache/flex_player_app_src/GlobalController_qml.cpp.aotstats
#11 3.617 [47/119] Generating .rcc/qmlcache/flex_player_app_src/LibraryRecommendView_qml.cpp, .rcc/qmlcache/flex_player_app_src/LibraryRecommendView_qml.cpp.aotstats
#11 3.617 [48/119] Generating .rcc/qmlcache/flex_player_test_src/SeriesDetailsView_qml.cpp, .rcc/qmlcache/flex_player_test_src/SeriesDetailsView_qml.cpp.aotstats
#11 3.617 [49/119] Generating .rcc/qmlcache/flex_player_app_src/SeasonDetailsView_qml.cpp, .rcc/qmlcache/flex_player_app_src/SeasonDetailsView_qml.cpp.aotstats
#11 3.618 [50/119] Generating .rcc/qmlcache/flex_player_app_src/TopToolbar_qml.cpp, .rcc/qmlcache/flex_player_app_src/TopToolbar_qml.cpp.aotstats
#11 3.618 [51/119] Generating .rcc/qmlcache/flex_player_test_src/SeasonDetailsView_qml.cpp, .rcc/qmlcache/flex_player_test_src/SeasonDetailsView_qml.cpp.aotstats
#11 3.620 [52/119] Generating .rcc/qmlcache/flex_player_test_src/TopToolbar_qml.cpp, .rcc/qmlcache/flex_player_test_src/TopToolbar_qml.cpp.aotstats
#11 3.622 [53/119] Generating .rcc/qmlcache/flex_player_app_src/MovieDetailsView_qml.cpp, .rcc/qmlcache/flex_player_app_src/MovieDetailsView_qml.cpp.aotstats
#11 3.622 [54/119] Generating .rcc/qmlcache/flex_player_test_src/PlayerView_qml.cpp, .rcc/qmlcache/flex_player_test_src/PlayerView_qml.cpp.aotstats
#11 3.625 [55/119] Generating .rcc/qmlcache/flex_player_test_src/CollectionMoviesView_qml.cpp, .rcc/qmlcache/flex_player_test_src/CollectionMoviesView_qml.cpp.aotstats
#11 3.628 [56/119] Generating .rcc/qmlcache/flex_player_app_src/PlayerView_qml.cpp, .rcc/qmlcache/flex_player_app_src/PlayerView_qml.cpp.aotstats
#11 3.641 [57/119] Generating .rcc/qmlcache/flex_player_test_src/MovieDetailsView_qml.cpp, .rcc/qmlcache/flex_player_test_src/MovieDetailsView_qml.cpp.aotstats
#11 3.654 [58/119] Generating .rcc/qmlcache/flex_player_app_src/SettingsWindow_qml.cpp, .rcc/qmlcache/flex_player_app_src/SettingsWindow_qml.cpp.aotstats
#11 3.657 [59/119] Generating .rcc/qmlcache/flex_player_test_src/SettingsWindow_qml.cpp, .rcc/qmlcache/flex_player_test_src/SettingsWindow_qml.cpp.aotstats
#11 3.690 [60/119] Generating .rcc/qmlcache/flex_player_app_src/Main_qml.cpp, .rcc/qmlcache/flex_player_app_src/Main_qml.cpp.aotstats
#11 3.707 [61/119] Generating .rcc/qmlcache/flex_player_test_src/Main_qml.cpp, .rcc/qmlcache/flex_player_test_src/Main_qml.cpp.aotstats
#11 3.714 [62/119] Building CXX object CMakeFiles/flex_player_app.dir/build_container/.qt/rcc/qrc_qmake_flex_player.cpp.o
#11 3.724 [63/119] Building CXX object CMakeFiles/flex_player_app.dir/build_container/.qt/rcc/qrc_flex_player_app_raw_qml_0_extra_qmldirs.cpp.o
#11 3.749 [64/119] Building CXX object CMakeFiles/flex_player_app.dir/build_container/.qt/rcc/qrc_flex_player_app_raw_qml_0.cpp.o
#11 3.796 [65/119] Building CXX object CMakeFiles/flex_player_test.dir/build_container/.qt/rcc/qrc_qmake_flex_player_test_module.cpp.o
#11 5.199 [66/119] Building CXX object CMakeFiles/flex_player_app.dir/src/ScreenSaverInhibitor.cpp.o
#11 5.264 [67/119] Building CXX object CMakeFiles/flex_player_app.dir/build_container/.rcc/qmlcache/flex_player_app_src/SidebarView_qml.cpp.o
#11 5.268 [68/119] Building CXX object CMakeFiles/flex_player_app.dir/build_container/.rcc/qmlcache/flex_player_app_src/HomeView_qml.cpp.o
#11 5.358 [69/119] Building CXX object CMakeFiles/flex_player_app.dir/build_container/.rcc/qmlcache/flex_player_app_src/CollectionMoviesView_qml.cpp.o
#11 5.441 [70/119] Building CXX object CMakeFiles/flex_player_app.dir/build_container/.rcc/qmlcache/flex_player_app_src/MoviePosterDelegate_qml.cpp.o
#11 5.442 [71/119] Building CXX object CMakeFiles/flex_player_app.dir/build_container/.rcc/qmlcache/flex_player_app_src/Main_qml.cpp.o
#11 5.444 [72/119] Building CXX object CMakeFiles/flex_player_app.dir/build_container/.rcc/qmlcache/flex_player_app_src/MovieDetailsView_qml.cpp.o
#11 5.648 [73/119] Building CXX object CMakeFiles/flex_player_app.dir/build_container/.rcc/qmlcache/flex_player_app_src/GlobalController_qml.cpp.o
#11 5.661 [74/119] Building CXX object CMakeFiles/flex_player_app.dir/build_container/.rcc/qmlcache/flex_player_app_qmlcache_loader.cpp.o
#11 5.695 [75/119] Building CXX object CMakeFiles/flex_player_app.dir/build_container/.rcc/qmlcache/flex_player_app_src/SeasonDetailsView_qml.cpp.o
#11 5.699 [76/119] Building CXX object CMakeFiles/flex_player_app.dir/build_container/.rcc/qmlcache/flex_player_app_src/LibraryRail_qml.cpp.o
#11 5.806 [77/119] Building CXX object CMakeFiles/flex_player_app.dir/build_container/.rcc/qmlcache/flex_player_app_src/TopToolbar_qml.cpp.o
#11 5.811 [78/119] Building CXX object CMakeFiles/flex_player_app.dir/build_container/.rcc/qmlcache/flex_player_app_src/SeriesDetailsView_qml.cpp.o
#11 5.837 [79/119] Building CXX object CMakeFiles/flex_player_test.dir/src/ScreenSaverInhibitor.cpp.o
#11 5.851 [80/119] Building CXX object CMakeFiles/flex_player_test.dir/build_container/.rcc/qmlcache/flex_player_test_qmlcache_loader.cpp.o
#11 5.875 [81/119] Building CXX object CMakeFiles/flex_player_test.dir/src/PlexConnectionManager.cpp.o
#11 5.895 [82/119] Building CXX object CMakeFiles/flex_player_test.dir/src/PlexAuth.cpp.o
#11 5.988 [83/119] Building CXX object CMakeFiles/flex_player_app.dir/build_container/.rcc/qmlcache/flex_player_app_src/PlayerView_qml.cpp.o
#11 6.019 [84/119] Building CXX object CMakeFiles/flex_player_test.dir/build_container/.qt/rcc/qrc_flex_player_test_raw_qml_0.cpp.o
#11 6.023 [85/119] Building CXX object CMakeFiles/flex_player_test.dir/build_container/.qt/rcc/qrc_flex_player_test_raw_qml_0_extra_qmldirs.cpp.o
#11 6.070 [86/119] Building CXX object CMakeFiles/flex_player_app.dir/build_container/.rcc/qmlcache/flex_player_app_src/LibraryRecommendView_qml.cpp.o
#11 6.142 [87/119] Building CXX object CMakeFiles/flex_player_app.dir/src/MpvItem.cpp.o
#11 6.153 [88/119] Building CXX object CMakeFiles/flex_player_app.dir/build_container/.rcc/qmlcache/flex_player_app_src/AppConfig_qml.cpp.o
#11 6.170 [89/119] Building CXX object CMakeFiles/flex_player_app.dir/src/PlexConnectionManager.cpp.o
#11 6.217 [90/119] Building CXX object CMakeFiles/flex_player_test.dir/flex_player_test_qmltyperegistrations.cpp.o
#11 6.374 [91/119] Building CXX object CMakeFiles/flex_player_app.dir/build_container/.rcc/qmlcache/flex_player_app_src/SettingsWindow_qml.cpp.o
#11 6.374 [92/119] Building CXX object CMakeFiles/flex_player_test.dir/src/MpvItem.cpp.o
#11 6.376 [93/119] Building CXX object CMakeFiles/flex_player_app.dir/build_container/.rcc/qmlcache/flex_player_app_src/DetailsCastList_qml.cpp.o
#11 6.578 [94/119] Building CXX object CMakeFiles/flex_player_app.dir/src/PlexAuth.cpp.o
#11 6.609 [95/119] Building CXX object CMakeFiles/flex_player_test.dir/build_container/.rcc/qmlcache/flex_player_test_src/SidebarView_qml.cpp.o
#11 6.675 [96/119] Building CXX object CMakeFiles/flex_player_test.dir/build_container/.rcc/qmlcache/flex_player_test_src/GlobalController_qml.cpp.o
#11 6.704 [97/119] Building CXX object CMakeFiles/flex_player_test.dir/tests/main_test.cpp.o
#11 6.719 [98/119] Building CXX object CMakeFiles/flex_player_test.dir/build_container/.rcc/qmlcache/flex_player_test_src/TopToolbar_qml.cpp.o
#11 6.807 [99/119] Building CXX object CMakeFiles/flex_player_test.dir/flex_player_test_autogen/mocs_compilation.cpp.o
#11 6.849 [100/119] Building CXX object CMakeFiles/flex_player_test.dir/build_container/.rcc/qmlcache/flex_player_test_src/AppConfig_qml.cpp.o
#11 6.869 [101/119] Building CXX object CMakeFiles/flex_player_app.dir/src/main.cpp.o
#11 6.893 [102/119] Building CXX object CMakeFiles/flex_player_app.dir/src/PlexModel.cpp.o
#11 6.923 [103/119] Building CXX object CMakeFiles/flex_player_app.dir/flex_player_app_qmltyperegistrations.cpp.o
#11 6.939 [104/119] Building CXX object CMakeFiles/flex_player_test.dir/build_container/.rcc/qmlcache/flex_player_test_src/Main_qml.cpp.o
#11 6.957 [105/119] Building CXX object CMakeFiles/flex_player_test.dir/build_container/.rcc/qmlcache/flex_player_test_src/CollectionMoviesView_qml.cpp.o
#11 7.016 [106/119] Building CXX object CMakeFiles/flex_player_app.dir/flex_player_app_autogen/mocs_compilation.cpp.o
#11 7.223 [107/119] Building CXX object CMakeFiles/flex_player_test.dir/build_container/.rcc/qmlcache/flex_player_test_src/LibraryRail_qml.cpp.o
#11 7.240 [108/119] Building CXX object CMakeFiles/flex_player_test.dir/src/PlexModel.cpp.o
#11 7.247 [109/119] Building CXX object CMakeFiles/flex_player_test.dir/build_container/.rcc/qmlcache/flex_player_test_src/PlayerView_qml.cpp.o
#11 7.258 [110/119] Building CXX object CMakeFiles/flex_player_test.dir/build_container/.rcc/qmlcache/flex_player_test_src/MoviePosterDelegate_qml.cpp.o
#11 7.265 [111/119] Building CXX object CMakeFiles/flex_player_test.dir/build_container/.rcc/qmlcache/flex_player_test_src/MovieDetailsView_qml.cpp.o
#11 7.273 [112/119] Building CXX object CMakeFiles/flex_player_test.dir/build_container/.rcc/qmlcache/flex_player_test_src/DetailsCastList_qml.cpp.o
#11 7.278 [113/119] Building CXX object CMakeFiles/flex_player_test.dir/build_container/.rcc/qmlcache/flex_player_test_src/SeasonDetailsView_qml.cpp.o
#11 7.311 [114/119] Building CXX object CMakeFiles/flex_player_test.dir/build_container/.rcc/qmlcache/flex_player_test_src/SeriesDetailsView_qml.cpp.o
#11 7.358 [115/119] Building CXX object CMakeFiles/flex_player_test.dir/build_container/.rcc/qmlcache/flex_player_test_src/HomeView_qml.cpp.o
#11 7.432 [116/119] Linking CXX executable flex_player_app
#11 7.463 [117/119] Building CXX object CMakeFiles/flex_player_test.dir/build_container/.rcc/qmlcache/flex_player_test_src/SettingsWindow_qml.cpp.o
#11 7.902 [118/119] Building CXX object CMakeFiles/flex_player_test.dir/build_container/.rcc/qmlcache/flex_player_test_src/LibraryRecommendView_qml.cpp.o
#11 8.268 [119/119] Linking CXX executable flex_player_test
#11 DONE 8.3s

#12 [8/8] RUN chmod +x /app/tests/docker_entrypoint.sh
#12 DONE 0.4s

#13 exporting to image
#13 exporting layers
#13 exporting layers 2.0s done
#13 exporting manifest sha256:820fd49bcbefec7b62e08c195a8a551671d67e2ae3954276f17d49f466bcbbc1 0.1s done
#13 exporting config sha256:db4a0d311d2ee11099fc3181adcdc06091b96e70beaf03da90c675de77ee0b0b 0.0s done
#13 exporting attestation manifest sha256:d8a3cf6e3c15f764f766f533d9a6aa885e19e739b319832f4d65b8e740117947 0.1s done
#13 exporting manifest list sha256:30e326a4140ef84d230eabcfcdd20a7e5482b6c9cf8ac2d72ff5d50d9c75e9b2
#13 exporting manifest list sha256:30e326a4140ef84d230eabcfcdd20a7e5482b6c9cf8ac2d72ff5d50d9c75e9b2 0.0s done
#13 naming to docker.io/library/flex-player-test:latest done
#13 unpacking to docker.io/library/flex-player-test:latest
#13 unpacking to docker.io/library/flex-player-test:latest 0.6s done
#13 DONE 2.9s
