#0 building with "default" instance using docker driver

#1 [internal] load build definition from Dockerfile.test
#1 transferring dockerfile: 1.18kB done
#1 DONE 0.0s

#2 [internal] load metadata for docker.io/library/fedora:40
#2 DONE 0.0s

#3 [internal] load .dockerignore
#3 transferring context: 153B done
#3 DONE 0.0s

#4 [1/8] FROM docker.io/library/fedora:40@sha256:3c86d25fef9d2001712bc3d9b091fc40cf04be4767e48f1aa3b785bf58d300ed
#4 resolve docker.io/library/fedora:40@sha256:3c86d25fef9d2001712bc3d9b091fc40cf04be4767e48f1aa3b785bf58d300ed 0.0s done
#4 DONE 0.0s

#5 [internal] load build context
#5 transferring context: 400.56kB 0.6s done
#5 DONE 0.6s

#6 [2/8] RUN dnf -y install     gcc-c++     cmake     ninja-build     patch     extra-cmake-modules     pkgconf-pkg-config     qt6-qtbase-devel     qt6-qtbase-private-devel     qt6-qtdeclarative-devel     qt6-qtsvg-devel     qt6-qtmultimedia-devel     qt6-qtwayland     mpv-libs-devel     weston     xorg-x11-server-Xwayland     mesa-dri-drivers     libX11-devel     libXext-devel     libXrender-devel     libxkbcommon-devel     strace     && dnf clean all
#6 CACHED

#7 [3/8] WORKDIR /app
#7 CACHED

#8 [4/8] COPY . /app
#8 DONE 0.1s

#9 [5/8] RUN patch -p1 < flatpak/patches/mpvqt-flatpak-fixes.patch
#9 0.222 patching file 3rdparty/mpvqt/CMakeLists.txt
#9 0.222 patching file 3rdparty/mpvqt/src/CMakeLists.txt
#9 0.222 patching file 3rdparty/mpvqt/src/mpvrenderer.cpp
#9 DONE 0.2s

#10 [6/8] RUN sed -i 's/ECM 6.15.0/ECM 6.13.0/g' 3rdparty/mpvqt/CMakeLists.txt
#10 DONE 0.4s

#11 [7/8] RUN mkdir build_container && cd build_container &&     cmake -G Ninja ..     -DCMAKE_BUILD_TYPE=Release     -DECM_DIR=/usr/share/ECM/cmake &&     ninja
#11 0.376 -- The CXX compiler identification is GNU 14.2.1
#11 0.383 -- Detecting CXX compiler ABI info
#11 0.424 -- Detecting CXX compiler ABI info - done
#11 0.429 -- Check for working CXX compiler: /usr/bin/c++ - skipped
#11 0.429 -- Detecting CXX compile features
#11 0.430 -- Detecting CXX compile features - done
#11 0.439 -- Performing Test CMAKE_HAVE_LIBC_PTHREAD
#11 0.480 -- Performing Test CMAKE_HAVE_LIBC_PTHREAD - Success
#11 0.481 -- Found Threads: TRUE
#11 0.484 -- Performing Test HAVE_STDATOMIC
#11 0.540 -- Performing Test HAVE_STDATOMIC - Success
#11 0.541 -- Found WrapAtomic: TRUE
#11 0.554 -- Found OpenGL: /usr/lib64/libOpenGL.so
#11 0.555 -- Found WrapOpenGL: TRUE
#11 0.637 -- Found XKB: /usr/lib64/libxkbcommon.so (found suitable version "1.6.0", minimum required is "0.5.0")
#11 0.654 -- Found WrapVulkanHeaders: /usr/include
#11 0.710 -- Found PkgConfig: /usr/bin/pkg-config (found version "2.1.1")
#11 0.711 -- Checking for module 'mpv'
#11 0.730 --   Found mpv, version 2.2.0
#11 0.820 -- Installing in the same prefix as Qt, adopting their path scheme.
#11 0.832 -- Looking for __GLIBC__
#11 0.877 -- Looking for __GLIBC__ - found
#11 0.877 -- Performing Test _OFFT_IS_64BIT
#11 0.920 -- Performing Test _OFFT_IS_64BIT - Success
#11 0.921 -- Performing Test HAVE_DATE_TIME
#11 0.963 -- Performing Test HAVE_DATE_TIME - Success
#11 1.075 -- Found Libmpv: /usr/lib64/libmpv.so (found version "2.2.0")
#11 1.077 -- The following OPTIONAL packages have been found:
#11 1.077 
#11 1.077  * OpenGL
#11 1.077  * XKB (required version >= 0.5.0), XKB API common to servers and clients., <http://xkbcommon.org>
#11 1.077  * Qt6GuiTools (required version >= 6.8.2)
#11 1.077  * Qt6CoreTools (required version >= 6.8.2)
#11 1.077  * Qt6DBusTools (required version >= 6.8.2)
#11 1.077  * WrapVulkanHeaders
#11 1.077  * Qt6Test
#11 1.077  * Qt6QuickTest
#11 1.077  * Qt6QmlTools (required version >= 6.8.2)
#11 1.077  * Qt6QuickTools (required version >= 6.8.2)
#11 1.077 
#11 1.077 -- The following REQUIRED packages have been found:
#11 1.077 
#11 1.077  * ECM (required version >= 6.13.0), Extra modules and scripts for CMake, <https://api.kde.org/ecm/>
#11 1.077  * Qt6
#11 1.077  * Qt6Quick (required version >= 6.5.0)
#11 1.077  * PkgConfig
#11 1.077  * Libmpv, mpv media player client library, <https://mpv.io>
#11 1.077 
#11 1.078 -- Performing Test COMPILER_HAS_HIDDEN_VISIBILITY
#11 1.122 -- Performing Test COMPILER_HAS_HIDDEN_VISIBILITY - Success
#11 1.123 -- Performing Test COMPILER_HAS_HIDDEN_INLINE_VISIBILITY
#11 1.164 -- Performing Test COMPILER_HAS_HIDDEN_INLINE_VISIBILITY - Success
#11 1.164 -- Performing Test COMPILER_HAS_DEPRECATED_ATTR
#11 1.205 -- Performing Test COMPILER_HAS_DEPRECATED_ATTR - Success
#11 1.328 -- Configuring done (1.0s)
#11 1.368 -- Generating done (0.0s)
#11 1.368 -- Build files have been written to: /app/build_container
#11 1.383 [1/119] Copying flex_player_test qml resources into build dir
#11 1.384 [2/119] Copying flex_player_test qml sources into build dir
#11 1.384 [3/119] Copying flex_player_app qml sources into build dir
#11 1.384 [4/119] Copying flex_player_app qml resources into build dir
#11 1.430 [5/119] Running qmlimportscanner for flex_player_test
#11 1.430 [6/119] Running qmlimportscanner for flex_player_app
#11 1.540 [7/119] Automatic MOC for target MpvQt
#11 1.545 [8/119] Building CXX object 3rdparty/mpvqt/src/CMakeFiles/MpvQt.dir/MpvQt_autogen/mocs_compilation.cpp.o
#11 2.403 [9/119] Building CXX object 3rdparty/mpvqt/src/CMakeFiles/MpvQt.dir/mpvrenderer.cpp.o
#11 2.404 [10/119] Building CXX object 3rdparty/mpvqt/src/CMakeFiles/MpvQt.dir/mpvcontroller.cpp.o
#11 2.608 [11/119] Building CXX object 3rdparty/mpvqt/src/CMakeFiles/MpvQt.dir/mpvabstractitem.cpp.o
#11 2.747 [12/119] Linking CXX shared library bin/libMpvQt.so.1.2.0
#11 2.752 [13/119] Creating library symlink bin/libMpvQt.so.3 bin/libMpvQt.so
#11 3.320 [14/119] Automatic MOC and UIC for target flex_player_test
#11 3.322 [15/119] Running AUTOMOC file extraction for target flex_player_test
#11 3.324 [16/119] Running rcc for resource qmake_flex_player_test_module
#11 3.325 [17/119] Running rcc for resource flex_player_test_raw_qml_0_extra_qmldirs
#11 3.325 [18/119] Automatic MOC and UIC for target flex_player_app
#11 3.326 [19/119] Running moc --collect-json for target flex_player_test
#11 3.327 [20/119] Running AUTOMOC file extraction for target flex_player_app
#11 3.328 [21/119] Running rcc for resource qmake_flex_player
#11 3.328 [22/119] Running rcc for resource flex_player_app_raw_qml_0_extra_qmldirs
#11 3.331 [23/119] Running moc --collect-json for target flex_player_app
#11 3.334 [24/119] Generating .rcc/qmlcache/flex_player_test_qmlcache_loader.cpp
#11 3.339 [25/119] Generating .rcc/qmlcache/flex_player_app_qmlcache_loader.cpp
#11 3.356 [26/119] Automatic QML type registration for target flex_player_test
#11 3.361 [27/119] Automatic QML type registration for target flex_player_app
#11 3.368 [28/119] Running rcc for resource flex_player_test_raw_qml_0
#11 3.368 [29/119] Running rcc for resource flex_player_app_raw_qml_0
#11 3.424 [30/119] Generating .rcc/qmlcache/flex_player_test_src/CollectionMoviesView_qml.cpp, .rcc/qmlcache/flex_player_test_src/CollectionMoviesView_qml.cpp.aotstats
#11 3.428 [31/119] Generating .rcc/qmlcache/flex_player_app_src/AppConfig_qml.cpp, .rcc/qmlcache/flex_player_app_src/AppConfig_qml.cpp.aotstats
#11 3.428 [32/119] Generating .rcc/qmlcache/flex_player_test_src/AppConfig_qml.cpp, .rcc/qmlcache/flex_player_test_src/AppConfig_qml.cpp.aotstats
#11 3.434 [33/119] Generating .rcc/qmlcache/flex_player_test_src/TopToolbar_qml.cpp, .rcc/qmlcache/flex_player_test_src/TopToolbar_qml.cpp.aotstats
#11 3.434 [34/119] Generating .rcc/qmlcache/flex_player_test_src/SidebarView_qml.cpp, .rcc/qmlcache/flex_player_test_src/SidebarView_qml.cpp.aotstats
#11 3.434 [35/119] Generating .rcc/qmlcache/flex_player_test_src/MoviePosterDelegate_qml.cpp, .rcc/qmlcache/flex_player_test_src/MoviePosterDelegate_qml.cpp.aotstats
#11 3.434 [36/119] Generating .rcc/qmlcache/flex_player_app_src/TopToolbar_qml.cpp, .rcc/qmlcache/flex_player_app_src/TopToolbar_qml.cpp.aotstats
#11 3.434 [37/119] Generating .rcc/qmlcache/flex_player_app_src/GlobalController_qml.cpp, .rcc/qmlcache/flex_player_app_src/GlobalController_qml.cpp.aotstats
#11 3.435 [38/119] Generating .rcc/qmlcache/flex_player_app_src/SidebarView_qml.cpp, .rcc/qmlcache/flex_player_app_src/SidebarView_qml.cpp.aotstats
#11 3.435 [39/119] Generating .rcc/qmlcache/flex_player_app_src/CollectionMoviesView_qml.cpp, .rcc/qmlcache/flex_player_app_src/CollectionMoviesView_qml.cpp.aotstats
#11 3.436 [40/119] Generating .rcc/qmlcache/flex_player_test_src/DetailsCastList_qml.cpp, .rcc/qmlcache/flex_player_test_src/DetailsCastList_qml.cpp.aotstats
#11 3.436 [41/119] Generating .rcc/qmlcache/flex_player_test_src/SeasonDetailsView_qml.cpp, .rcc/qmlcache/flex_player_test_src/SeasonDetailsView_qml.cpp.aotstats
#11 3.437 [42/119] Generating .rcc/qmlcache/flex_player_test_src/LibraryRail_qml.cpp, .rcc/qmlcache/flex_player_test_src/LibraryRail_qml.cpp.aotstats
#11 3.439 [43/119] Generating .rcc/qmlcache/flex_player_test_src/HomeView_qml.cpp, .rcc/qmlcache/flex_player_test_src/HomeView_qml.cpp.aotstats
#11 3.440 [44/119] Generating .rcc/qmlcache/flex_player_app_src/DetailsCastList_qml.cpp, .rcc/qmlcache/flex_player_app_src/DetailsCastList_qml.cpp.aotstats
#11 3.441 [45/119] Generating .rcc/qmlcache/flex_player_app_src/SeriesDetailsView_qml.cpp, .rcc/qmlcache/flex_player_app_src/SeriesDetailsView_qml.cpp.aotstats
#11 3.445 [46/119] Generating .rcc/qmlcache/flex_player_test_src/LibraryRecommendView_qml.cpp, .rcc/qmlcache/flex_player_test_src/LibraryRecommendView_qml.cpp.aotstats
#11 3.450 [47/119] Generating .rcc/qmlcache/flex_player_test_src/GlobalController_qml.cpp, .rcc/qmlcache/flex_player_test_src/GlobalController_qml.cpp.aotstats
#11 3.450 [48/119] Generating .rcc/qmlcache/flex_player_test_src/SeriesDetailsView_qml.cpp, .rcc/qmlcache/flex_player_test_src/SeriesDetailsView_qml.cpp.aotstats
#11 3.451 [49/119] Generating .rcc/qmlcache/flex_player_app_src/HomeView_qml.cpp, .rcc/qmlcache/flex_player_app_src/HomeView_qml.cpp.aotstats
#11 3.453 [50/119] Generating .rcc/qmlcache/flex_player_app_src/PlayerView_qml.cpp, .rcc/qmlcache/flex_player_app_src/PlayerView_qml.cpp.aotstats
#11 3.453 [51/119] Generating .rcc/qmlcache/flex_player_test_src/PlayerView_qml.cpp, .rcc/qmlcache/flex_player_test_src/PlayerView_qml.cpp.aotstats
#11 3.454 [52/119] Generating .rcc/qmlcache/flex_player_app_src/MoviePosterDelegate_qml.cpp, .rcc/qmlcache/flex_player_app_src/MoviePosterDelegate_qml.cpp.aotstats
#11 3.456 [53/119] Generating .rcc/qmlcache/flex_player_app_src/LibraryRail_qml.cpp, .rcc/qmlcache/flex_player_app_src/LibraryRail_qml.cpp.aotstats
#11 3.456 [54/119] Generating .rcc/qmlcache/flex_player_app_src/MovieDetailsView_qml.cpp, .rcc/qmlcache/flex_player_app_src/MovieDetailsView_qml.cpp.aotstats
#11 3.459 [55/119] Generating .rcc/qmlcache/flex_player_app_src/SeasonDetailsView_qml.cpp, .rcc/qmlcache/flex_player_app_src/SeasonDetailsView_qml.cpp.aotstats
#11 3.464 [56/119] Generating .rcc/qmlcache/flex_player_app_src/LibraryRecommendView_qml.cpp, .rcc/qmlcache/flex_player_app_src/LibraryRecommendView_qml.cpp.aotstats
#11 3.468 [57/119] Generating .rcc/qmlcache/flex_player_test_src/MovieDetailsView_qml.cpp, .rcc/qmlcache/flex_player_test_src/MovieDetailsView_qml.cpp.aotstats
#11 3.470 [58/119] Generating .rcc/qmlcache/flex_player_test_src/SettingsWindow_qml.cpp, .rcc/qmlcache/flex_player_test_src/SettingsWindow_qml.cpp.aotstats
#11 3.476 [59/119] Generating .rcc/qmlcache/flex_player_app_src/SettingsWindow_qml.cpp, .rcc/qmlcache/flex_player_app_src/SettingsWindow_qml.cpp.aotstats
#11 3.516 [60/119] Generating .rcc/qmlcache/flex_player_app_src/Main_qml.cpp, .rcc/qmlcache/flex_player_app_src/Main_qml.cpp.aotstats
#11 3.520 [61/119] Generating .rcc/qmlcache/flex_player_test_src/Main_qml.cpp, .rcc/qmlcache/flex_player_test_src/Main_qml.cpp.aotstats
#11 3.540 [62/119] Building CXX object CMakeFiles/flex_player_app.dir/build_container/.qt/rcc/qrc_flex_player_app_raw_qml_0_extra_qmldirs.cpp.o
#11 3.547 [63/119] Building CXX object CMakeFiles/flex_player_app.dir/build_container/.qt/rcc/qrc_qmake_flex_player.cpp.o
#11 3.573 [64/119] Building CXX object CMakeFiles/flex_player_app.dir/build_container/.qt/rcc/qrc_flex_player_app_raw_qml_0.cpp.o
#11 3.624 [65/119] Building CXX object CMakeFiles/flex_player_test.dir/build_container/.qt/rcc/qrc_qmake_flex_player_test_module.cpp.o
#11 4.573 [66/119] Building CXX object CMakeFiles/flex_player_app.dir/build_container/.rcc/qmlcache/flex_player_app_src/CollectionMoviesView_qml.cpp.o
#11 4.651 [67/119] Building CXX object CMakeFiles/flex_player_app.dir/build_container/.rcc/qmlcache/flex_player_app_src/GlobalController_qml.cpp.o
#11 4.892 [68/119] Building CXX object CMakeFiles/flex_player_app.dir/src/ScreenSaverInhibitor.cpp.o
#11 5.046 [69/119] Building CXX object CMakeFiles/flex_player_app.dir/build_container/.rcc/qmlcache/flex_player_app_src/MoviePosterDelegate_qml.cpp.o
#11 5.096 [70/119] Building CXX object CMakeFiles/flex_player_app.dir/build_container/.rcc/qmlcache/flex_player_app_src/AppConfig_qml.cpp.o
#11 5.128 [71/119] Building CXX object CMakeFiles/flex_player_test.dir/src/ScreenSaverInhibitor.cpp.o
#11 5.205 [72/119] Building CXX object CMakeFiles/flex_player_app.dir/build_container/.rcc/qmlcache/flex_player_app_src/LibraryRail_qml.cpp.o
#11 5.229 [73/119] Building CXX object CMakeFiles/flex_player_app.dir/build_container/.rcc/qmlcache/flex_player_app_src/TopToolbar_qml.cpp.o
#11 5.292 [74/119] Building CXX object CMakeFiles/flex_player_app.dir/build_container/.rcc/qmlcache/flex_player_app_src/MovieDetailsView_qml.cpp.o
#11 5.326 [75/119] Building CXX object CMakeFiles/flex_player_app.dir/build_container/.rcc/qmlcache/flex_player_app_src/SidebarView_qml.cpp.o
#11 5.336 [76/119] Building CXX object CMakeFiles/flex_player_app.dir/build_container/.rcc/qmlcache/flex_player_app_src/SeasonDetailsView_qml.cpp.o
#11 5.369 [77/119] Building CXX object CMakeFiles/flex_player_test.dir/src/MpvItem.cpp.o
#11 5.423 [78/119] Building CXX object CMakeFiles/flex_player_test.dir/build_container/.rcc/qmlcache/flex_player_test_qmlcache_loader.cpp.o
#11 5.515 [79/119] Building CXX object CMakeFiles/flex_player_app.dir/build_container/.rcc/qmlcache/flex_player_app_qmlcache_loader.cpp.o
#11 5.535 [80/119] Building CXX object CMakeFiles/flex_player_app.dir/src/PlexConnectionManager.cpp.o
#11 5.549 [81/119] Building CXX object CMakeFiles/flex_player_app.dir/src/MpvItem.cpp.o
#11 5.625 [82/119] Building CXX object CMakeFiles/flex_player_app.dir/build_container/.rcc/qmlcache/flex_player_app_src/Main_qml.cpp.o
#11 5.685 [83/119] Building CXX object CMakeFiles/flex_player_test.dir/build_container/.qt/rcc/qrc_flex_player_test_raw_qml_0.cpp.o
#11 5.706 [84/119] Building CXX object CMakeFiles/flex_player_test.dir/build_container/.qt/rcc/qrc_flex_player_test_raw_qml_0_extra_qmldirs.cpp.o
#11 5.716 [85/119] Building CXX object CMakeFiles/flex_player_app.dir/build_container/.rcc/qmlcache/flex_player_app_src/HomeView_qml.cpp.o
#11 5.848 [86/119] Building CXX object CMakeFiles/flex_player_app.dir/build_container/.rcc/qmlcache/flex_player_app_src/DetailsCastList_qml.cpp.o
#11 5.869 [87/119] Building CXX object CMakeFiles/flex_player_test.dir/build_container/.rcc/qmlcache/flex_player_test_src/TopToolbar_qml.cpp.o
#11 5.922 [88/119] Building CXX object CMakeFiles/flex_player_app.dir/build_container/.rcc/qmlcache/flex_player_app_src/PlayerView_qml.cpp.o
#11 5.922 [89/119] Building CXX object CMakeFiles/flex_player_test.dir/src/PlexAuth.cpp.o
#11 5.926 [90/119] Building CXX object CMakeFiles/flex_player_app.dir/build_container/.rcc/qmlcache/flex_player_app_src/SettingsWindow_qml.cpp.o
#11 5.996 [91/119] Building CXX object CMakeFiles/flex_player_app.dir/src/PlexAuth.cpp.o
#11 6.006 [92/119] Building CXX object CMakeFiles/flex_player_app.dir/flex_player_app_qmltyperegistrations.cpp.o
#11 6.090 [93/119] Building CXX object CMakeFiles/flex_player_app.dir/build_container/.rcc/qmlcache/flex_player_app_src/SeriesDetailsView_qml.cpp.o
#11 6.196 [94/119] Building CXX object CMakeFiles/flex_player_app.dir/build_container/.rcc/qmlcache/flex_player_app_src/LibraryRecommendView_qml.cpp.o
#11 6.210 [95/119] Building CXX object CMakeFiles/flex_player_test.dir/flex_player_test_qmltyperegistrations.cpp.o
#11 6.242 [96/119] Building CXX object CMakeFiles/flex_player_test.dir/build_container/.rcc/qmlcache/flex_player_test_src/GlobalController_qml.cpp.o
#11 6.339 [97/119] Building CXX object CMakeFiles/flex_player_test.dir/build_container/.rcc/qmlcache/flex_player_test_src/AppConfig_qml.cpp.o
#11 6.344 [98/119] Building CXX object CMakeFiles/flex_player_test.dir/build_container/.rcc/qmlcache/flex_player_test_src/SidebarView_qml.cpp.o
#11 6.419 [99/119] Building CXX object CMakeFiles/flex_player_test.dir/flex_player_test_autogen/mocs_compilation.cpp.o
#11 6.479 [100/119] Building CXX object CMakeFiles/flex_player_test.dir/build_container/.rcc/qmlcache/flex_player_test_src/Main_qml.cpp.o
#11 6.490 [101/119] Building CXX object CMakeFiles/flex_player_test.dir/src/PlexConnectionManager.cpp.o
#11 6.546 [102/119] Building CXX object CMakeFiles/flex_player_test.dir/tests/main_test.cpp.o
#11 6.591 [103/119] Building CXX object CMakeFiles/flex_player_test.dir/src/PlexModel.cpp.o
#11 6.656 [104/119] Building CXX object CMakeFiles/flex_player_app.dir/flex_player_app_autogen/mocs_compilation.cpp.o
#11 6.664 [105/119] Building CXX object CMakeFiles/flex_player_test.dir/build_container/.rcc/qmlcache/flex_player_test_src/CollectionMoviesView_qml.cpp.o
#11 6.701 [106/119] Building CXX object CMakeFiles/flex_player_app.dir/src/main.cpp.o
#11 6.806 [107/119] Building CXX object CMakeFiles/flex_player_test.dir/build_container/.rcc/qmlcache/flex_player_test_src/PlayerView_qml.cpp.o
#11 6.857 [108/119] Building CXX object CMakeFiles/flex_player_test.dir/build_container/.rcc/qmlcache/flex_player_test_src/SeriesDetailsView_qml.cpp.o
#11 6.891 [109/119] Building CXX object CMakeFiles/flex_player_test.dir/build_container/.rcc/qmlcache/flex_player_test_src/DetailsCastList_qml.cpp.o
#11 6.891 [110/119] Building CXX object CMakeFiles/flex_player_test.dir/build_container/.rcc/qmlcache/flex_player_test_src/LibraryRail_qml.cpp.o
#11 6.902 [111/119] Building CXX object CMakeFiles/flex_player_test.dir/build_container/.rcc/qmlcache/flex_player_test_src/MoviePosterDelegate_qml.cpp.o
#11 6.954 [112/119] Building CXX object CMakeFiles/flex_player_test.dir/build_container/.rcc/qmlcache/flex_player_test_src/MovieDetailsView_qml.cpp.o
#11 6.981 [113/119] Building CXX object CMakeFiles/flex_player_test.dir/build_container/.rcc/qmlcache/flex_player_test_src/SeasonDetailsView_qml.cpp.o
#11 7.000 [114/119] Building CXX object CMakeFiles/flex_player_test.dir/build_container/.rcc/qmlcache/flex_player_test_src/SettingsWindow_qml.cpp.o
#11 7.066 [115/119] Building CXX object CMakeFiles/flex_player_test.dir/build_container/.rcc/qmlcache/flex_player_test_src/HomeView_qml.cpp.o
#11 7.098 [116/119] Building CXX object CMakeFiles/flex_player_app.dir/src/PlexModel.cpp.o
#11 7.404 [117/119] Building CXX object CMakeFiles/flex_player_test.dir/build_container/.rcc/qmlcache/flex_player_test_src/LibraryRecommendView_qml.cpp.o
#11 7.476 [118/119] Linking CXX executable flex_player_app
#11 7.740 [119/119] Linking CXX executable flex_player_test
#11 DONE 7.8s

#12 [8/8] RUN chmod +x /app/tests/docker_entrypoint.sh
#12 DONE 0.2s

#13 exporting to image
#13 exporting layers
#13 exporting layers 1.8s done
#13 exporting manifest sha256:29e4d06505978d9ab93fa8940c1fdd1968f851999b7046f57aeaa63caf68196f 0.0s done
#13 exporting config sha256:746f85382eda78ead013d4c8d55c7e07bd6135f1172a331fda880c99c2f07812 0.0s done
#13 exporting attestation manifest sha256:8f40a4c408a7738f83c328d9e159a01805132e84ad168a86188b8c75e4d17154 0.1s done
#13 exporting manifest list sha256:a465323da4067831c507e28afed673394f00af983358530e0c52ec5e420454d3
#13 exporting manifest list sha256:a465323da4067831c507e28afed673394f00af983358530e0c52ec5e420454d3 0.0s done
#13 naming to docker.io/library/flex-player-test:latest done
#13 unpacking to docker.io/library/flex-player-test:latest
#13 unpacking to docker.io/library/flex-player-test:latest 0.5s done
#13 DONE 2.4s
