#0 building with "default" instance using docker driver

#1 [internal] load build definition from Dockerfile.test
#1 transferring dockerfile: 1.18kB done
#1 DONE 0.0s

#2 [internal] load metadata for docker.io/library/fedora:40
#2 DONE 0.0s

#3 [internal] load .dockerignore
#3 transferring context: 153B done
#3 DONE 0.0s

#4 [1/8] FROM docker.io/library/fedora:40@sha256:3c86d25fef9d2001712bc3d9b091fc40cf04be4767e48f1aa3b785bf58d300ed
#4 resolve docker.io/library/fedora:40@sha256:3c86d25fef9d2001712bc3d9b091fc40cf04be4767e48f1aa3b785bf58d300ed 0.0s done
#4 DONE 0.0s

#5 [internal] load build context
#5 transferring context: 414.31kB 0.6s done
#5 DONE 0.6s

#6 [2/8] RUN dnf -y install     gcc-c++     cmake     ninja-build     patch     extra-cmake-modules     pkgconf-pkg-config     qt6-qtbase-devel     qt6-qtbase-private-devel     qt6-qtdeclarative-devel     qt6-qtsvg-devel     qt6-qtmultimedia-devel     qt6-qtwayland     mpv-libs-devel     weston     xorg-x11-server-Xwayland     mesa-dri-drivers     libX11-devel     libXext-devel     libXrender-devel     libxkbcommon-devel     strace     && dnf clean all
#6 CACHED

#7 [3/8] WORKDIR /app
#7 CACHED

#8 [4/8] COPY . /app
#8 DONE 0.1s

#9 [5/8] RUN patch -p1 < flatpak/patches/mpvqt-flatpak-fixes.patch
#9 0.210 patching file 3rdparty/mpvqt/CMakeLists.txt
#9 0.210 patching file 3rdparty/mpvqt/src/CMakeLists.txt
#9 0.210 patching file 3rdparty/mpvqt/src/mpvrenderer.cpp
#9 DONE 0.2s

#10 [6/8] RUN sed -i 's/ECM 6.15.0/ECM 6.13.0/g' 3rdparty/mpvqt/CMakeLists.txt
#10 DONE 0.2s

#11 [7/8] RUN mkdir build_container && cd build_container &&     cmake -G Ninja ..     -DCMAKE_BUILD_TYPE=Release     -DECM_DIR=/usr/share/ECM/cmake &&     ninja
#11 0.333 -- The CXX compiler identification is GNU 14.2.1
#11 0.340 -- Detecting CXX compiler ABI info
#11 0.380 -- Detecting CXX compiler ABI info - done
#11 0.386 -- Check for working CXX compiler: /usr/bin/c++ - skipped
#11 0.386 -- Detecting CXX compile features
#11 0.386 -- Detecting CXX compile features - done
#11 0.393 -- Performing Test CMAKE_HAVE_LIBC_PTHREAD
#11 0.436 -- Performing Test CMAKE_HAVE_LIBC_PTHREAD - Success
#11 0.436 -- Found Threads: TRUE
#11 0.440 -- Performing Test HAVE_STDATOMIC
#11 0.499 -- Performing Test HAVE_STDATOMIC - Success
#11 0.500 -- Found WrapAtomic: TRUE
#11 0.511 -- Found OpenGL: /usr/lib64/libOpenGL.so
#11 0.511 -- Found WrapOpenGL: TRUE
#11 0.591 -- Found XKB: /usr/lib64/libxkbcommon.so (found suitable version "1.6.0", minimum required is "0.5.0")
#11 0.606 -- Found WrapVulkanHeaders: /usr/include
#11 0.688 -- Found PkgConfig: /usr/bin/pkg-config (found version "2.1.1")
#11 0.688 -- Checking for module 'mpv'
#11 0.711 --   Found mpv, version 2.2.0
#11 0.802 -- Installing in the same prefix as Qt, adopting their path scheme.
#11 0.814 -- Looking for __GLIBC__
#11 0.856 -- Looking for __GLIBC__ - found
#11 0.856 -- Performing Test _OFFT_IS_64BIT
#11 0.897 -- Performing Test _OFFT_IS_64BIT - Success
#11 0.897 -- Performing Test HAVE_DATE_TIME
#11 0.933 -- Performing Test HAVE_DATE_TIME - Success
#11 1.047 -- Found Libmpv: /usr/lib64/libmpv.so (found version "2.2.0")
#11 1.049 -- The following OPTIONAL packages have been found:
#11 1.049 
#11 1.049  * OpenGL
#11 1.049  * XKB (required version >= 0.5.0), XKB API common to servers and clients., <http://xkbcommon.org>
#11 1.049  * Qt6GuiTools (required version >= 6.8.2)
#11 1.049  * Qt6CoreTools (required version >= 6.8.2)
#11 1.049  * Qt6DBusTools (required version >= 6.8.2)
#11 1.049  * WrapVulkanHeaders
#11 1.049  * Qt6Test
#11 1.049  * Qt6QuickTest
#11 1.049  * Qt6QmlTools (required version >= 6.8.2)
#11 1.049  * Qt6QuickTools (required version >= 6.8.2)
#11 1.049 
#11 1.049 -- The following REQUIRED packages have been found:
#11 1.049 
#11 1.049  * ECM (required version >= 6.13.0), Extra modules and scripts for CMake, <https://api.kde.org/ecm/>
#11 1.049  * Qt6
#11 1.049  * Qt6Quick (required version >= 6.5.0)
#11 1.049  * PkgConfig
#11 1.049  * Libmpv, mpv media player client library, <https://mpv.io>
#11 1.049 
#11 1.050 -- Performing Test COMPILER_HAS_HIDDEN_VISIBILITY
#11 1.090 -- Performing Test COMPILER_HAS_HIDDEN_VISIBILITY - Success
#11 1.090 -- Performing Test COMPILER_HAS_HIDDEN_INLINE_VISIBILITY
#11 1.129 -- Performing Test COMPILER_HAS_HIDDEN_INLINE_VISIBILITY - Success
#11 1.129 -- Performing Test COMPILER_HAS_DEPRECATED_ATTR
#11 1.170 -- Performing Test COMPILER_HAS_DEPRECATED_ATTR - Success
#11 1.294 -- Configuring done (1.0s)
#11 1.331 -- Generating done (0.0s)
#11 1.331 -- Build files have been written to: /app/build_container
#11 1.347 [1/119] Copying flex_player_app qml resources into build dir
#11 1.347 [2/119] Copying flex_player_test qml sources into build dir
#11 1.347 [3/119] Copying flex_player_app qml sources into build dir
#11 1.347 [4/119] Copying flex_player_test qml resources into build dir
#11 1.393 [5/119] Running qmlimportscanner for flex_player_app
#11 1.394 [6/119] Running qmlimportscanner for flex_player_test
#11 1.500 [7/119] Automatic MOC for target MpvQt
#11 1.506 [8/119] Building CXX object 3rdparty/mpvqt/src/CMakeFiles/MpvQt.dir/MpvQt_autogen/mocs_compilation.cpp.o
#11 2.347 [9/119] Building CXX object 3rdparty/mpvqt/src/CMakeFiles/MpvQt.dir/mpvcontroller.cpp.o
#11 2.347 [10/119] Building CXX object 3rdparty/mpvqt/src/CMakeFiles/MpvQt.dir/mpvrenderer.cpp.o
#11 2.547 [11/119] Building CXX object 3rdparty/mpvqt/src/CMakeFiles/MpvQt.dir/mpvabstractitem.cpp.o
#11 2.669 [12/119] Linking CXX shared library bin/libMpvQt.so.1.2.0
#11 2.675 [13/119] Creating library symlink bin/libMpvQt.so.3 bin/libMpvQt.so
#11 3.167 [14/119] Automatic MOC and UIC for target flex_player_test
#11 3.169 [15/119] Running AUTOMOC file extraction for target flex_player_test
#11 3.169 [16/119] Automatic MOC and UIC for target flex_player_app
#11 3.171 [17/119] Running AUTOMOC file extraction for target flex_player_app
#11 3.171 [18/119] Running rcc for resource flex_player_test_raw_qml_0_extra_qmldirs
#11 3.171 [19/119] Running rcc for resource qmake_flex_player_test_module
#11 3.173 [20/119] Running rcc for resource qmake_flex_player
#11 3.173 [21/119] Running rcc for resource flex_player_app_raw_qml_0_extra_qmldirs
#11 3.174 [22/119] Running moc --collect-json for target flex_player_test
#11 3.176 [23/119] Running moc --collect-json for target flex_player_app
#11 3.182 [24/119] Generating .rcc/qmlcache/flex_player_test_qmlcache_loader.cpp
#11 3.187 [25/119] Generating .rcc/qmlcache/flex_player_app_qmlcache_loader.cpp
#11 3.199 [26/119] Automatic QML type registration for target flex_player_test
#11 3.205 [27/119] Automatic QML type registration for target flex_player_app
#11 3.212 [28/119] Running rcc for resource flex_player_test_raw_qml_0
#11 3.213 [29/119] Running rcc for resource flex_player_app_raw_qml_0
#11 3.269 [30/119] Generating .rcc/qmlcache/flex_player_test_src/AppConfig_qml.cpp, .rcc/qmlcache/flex_player_test_src/AppConfig_qml.cpp.aotstats
#11 3.271 [31/119] Generating .rcc/qmlcache/flex_player_app_src/AppConfig_qml.cpp, .rcc/qmlcache/flex_player_app_src/AppConfig_qml.cpp.aotstats
#11 3.272 [32/119] Generating .rcc/qmlcache/flex_player_test_src/CollectionMoviesView_qml.cpp, .rcc/qmlcache/flex_player_test_src/CollectionMoviesView_qml.cpp.aotstats
#11 3.272 [33/119] Generating .rcc/qmlcache/flex_player_test_src/GlobalController_qml.cpp, .rcc/qmlcache/flex_player_test_src/GlobalController_qml.cpp.aotstats
#11 3.273 [34/119] Generating .rcc/qmlcache/flex_player_test_src/SidebarView_qml.cpp, .rcc/qmlcache/flex_player_test_src/SidebarView_qml.cpp.aotstats
#11 3.275 [35/119] Generating .rcc/qmlcache/flex_player_test_src/TopToolbar_qml.cpp, .rcc/qmlcache/flex_player_test_src/TopToolbar_qml.cpp.aotstats
#11 3.278 [36/119] Generating .rcc/qmlcache/flex_player_test_src/MoviePosterDelegate_qml.cpp, .rcc/qmlcache/flex_player_test_src/MoviePosterDelegate_qml.cpp.aotstats
#11 3.279 [37/119] Generating .rcc/qmlcache/flex_player_app_src/DetailsCastList_qml.cpp, .rcc/qmlcache/flex_player_app_src/DetailsCastList_qml.cpp.aotstats
#11 3.279 [38/119] Generating .rcc/qmlcache/flex_player_test_src/LibraryRail_qml.cpp, .rcc/qmlcache/flex_player_test_src/LibraryRail_qml.cpp.aotstats
#11 3.279 [39/119] Generating .rcc/qmlcache/flex_player_app_src/MoviePosterDelegate_qml.cpp, .rcc/qmlcache/flex_player_app_src/MoviePosterDelegate_qml.cpp.aotstats
#11 3.279 [40/119] Generating .rcc/qmlcache/flex_player_app_src/GlobalController_qml.cpp, .rcc/qmlcache/flex_player_app_src/GlobalController_qml.cpp.aotstats
#11 3.280 [41/119] Generating .rcc/qmlcache/flex_player_test_src/SeriesDetailsView_qml.cpp, .rcc/qmlcache/flex_player_test_src/SeriesDetailsView_qml.cpp.aotstats
#11 3.283 [42/119] Generating .rcc/qmlcache/flex_player_app_src/LibraryRail_qml.cpp, .rcc/qmlcache/flex_player_app_src/LibraryRail_qml.cpp.aotstats
#11 3.284 [43/119] Generating .rcc/qmlcache/flex_player_test_src/SeasonDetailsView_qml.cpp, .rcc/qmlcache/flex_player_test_src/SeasonDetailsView_qml.cpp.aotstats
#11 3.285 [44/119] Generating .rcc/qmlcache/flex_player_app_src/SeasonDetailsView_qml.cpp, .rcc/qmlcache/flex_player_app_src/SeasonDetailsView_qml.cpp.aotstats
#11 3.285 [45/119] Generating .rcc/qmlcache/flex_player_test_src/HomeView_qml.cpp, .rcc/qmlcache/flex_player_test_src/HomeView_qml.cpp.aotstats
#11 3.285 [46/119] Generating .rcc/qmlcache/flex_player_test_src/DetailsCastList_qml.cpp, .rcc/qmlcache/flex_player_test_src/DetailsCastList_qml.cpp.aotstats
#11 3.287 [47/119] Generating .rcc/qmlcache/flex_player_app_src/CollectionMoviesView_qml.cpp, .rcc/qmlcache/flex_player_app_src/CollectionMoviesView_qml.cpp.aotstats
#11 3.289 [48/119] Generating .rcc/qmlcache/flex_player_app_src/HomeView_qml.cpp, .rcc/qmlcache/flex_player_app_src/HomeView_qml.cpp.aotstats
#11 3.289 [49/119] Generating .rcc/qmlcache/flex_player_app_src/LibraryRecommendView_qml.cpp, .rcc/qmlcache/flex_player_app_src/LibraryRecommendView_qml.cpp.aotstats
#11 3.290 [50/119] Generating .rcc/qmlcache/flex_player_app_src/SeriesDetailsView_qml.cpp, .rcc/qmlcache/flex_player_app_src/SeriesDetailsView_qml.cpp.aotstats
#11 3.290 [51/119] Generating .rcc/qmlcache/flex_player_test_src/LibraryRecommendView_qml.cpp, .rcc/qmlcache/flex_player_test_src/LibraryRecommendView_qml.cpp.aotstats
#11 3.292 [52/119] Generating .rcc/qmlcache/flex_player_app_src/SidebarView_qml.cpp, .rcc/qmlcache/flex_player_app_src/SidebarView_qml.cpp.aotstats
#11 3.294 [53/119] Generating .rcc/qmlcache/flex_player_test_src/PlayerView_qml.cpp, .rcc/qmlcache/flex_player_test_src/PlayerView_qml.cpp.aotstats
#11 3.294 [54/119] Generating .rcc/qmlcache/flex_player_test_src/MovieDetailsView_qml.cpp, .rcc/qmlcache/flex_player_test_src/MovieDetailsView_qml.cpp.aotstats
#11 3.297 [55/119] Generating .rcc/qmlcache/flex_player_app_src/TopToolbar_qml.cpp, .rcc/qmlcache/flex_player_app_src/TopToolbar_qml.cpp.aotstats
#11 3.298 [56/119] Generating .rcc/qmlcache/flex_player_app_src/MovieDetailsView_qml.cpp, .rcc/qmlcache/flex_player_app_src/MovieDetailsView_qml.cpp.aotstats
#11 3.307 [57/119] Generating .rcc/qmlcache/flex_player_test_src/SettingsWindow_qml.cpp, .rcc/qmlcache/flex_player_test_src/SettingsWindow_qml.cpp.aotstats
#11 3.310 [58/119] Generating .rcc/qmlcache/flex_player_app_src/PlayerView_qml.cpp, .rcc/qmlcache/flex_player_app_src/PlayerView_qml.cpp.aotstats
#11 3.318 [59/119] Generating .rcc/qmlcache/flex_player_app_src/SettingsWindow_qml.cpp, .rcc/qmlcache/flex_player_app_src/SettingsWindow_qml.cpp.aotstats
#11 3.354 [60/119] Generating .rcc/qmlcache/flex_player_test_src/Main_qml.cpp, .rcc/qmlcache/flex_player_test_src/Main_qml.cpp.aotstats
#11 3.362 [61/119] Generating .rcc/qmlcache/flex_player_app_src/Main_qml.cpp, .rcc/qmlcache/flex_player_app_src/Main_qml.cpp.aotstats
#11 3.376 [62/119] Building CXX object CMakeFiles/flex_player_test.dir/build_container/.qt/rcc/qrc_qmake_flex_player_test_module.cpp.o
#11 3.379 [63/119] Building CXX object CMakeFiles/flex_player_test.dir/build_container/.qt/rcc/qrc_flex_player_test_raw_qml_0_extra_qmldirs.cpp.o
#11 3.399 [64/119] Building CXX object CMakeFiles/flex_player_test.dir/build_container/.qt/rcc/qrc_flex_player_test_raw_qml_0.cpp.o
#11 3.420 [65/119] Building CXX object CMakeFiles/flex_player_app.dir/build_container/.qt/rcc/qrc_qmake_flex_player.cpp.o
#11 4.420 [66/119] Building CXX object CMakeFiles/flex_player_test.dir/build_container/.rcc/qmlcache/flex_player_test_src/TopToolbar_qml.cpp.o
#11 4.469 [67/119] Building CXX object CMakeFiles/flex_player_test.dir/build_container/.rcc/qmlcache/flex_player_test_src/GlobalController_qml.cpp.o
#11 4.567 [68/119] Building CXX object CMakeFiles/flex_player_test.dir/build_container/.rcc/qmlcache/flex_player_test_src/SidebarView_qml.cpp.o
#11 4.639 [69/119] Building CXX object CMakeFiles/flex_player_test.dir/build_container/.rcc/qmlcache/flex_player_test_src/CollectionMoviesView_qml.cpp.o
#11 4.750 [70/119] Building CXX object CMakeFiles/flex_player_test.dir/build_container/.rcc/qmlcache/flex_player_test_src/AppConfig_qml.cpp.o
#11 4.796 [71/119] Building CXX object CMakeFiles/flex_player_app.dir/src/ScreenSaverInhibitor.cpp.o
#11 4.877 [72/119] Building CXX object CMakeFiles/flex_player_test.dir/build_container/.rcc/qmlcache/flex_player_test_src/PlayerView_qml.cpp.o
#11 4.975 [73/119] Building CXX object CMakeFiles/flex_player_test.dir/build_container/.rcc/qmlcache/flex_player_test_qmlcache_loader.cpp.o
#11 4.998 [74/119] Building CXX object CMakeFiles/flex_player_test.dir/build_container/.rcc/qmlcache/flex_player_test_src/HomeView_qml.cpp.o
#11 5.062 [75/119] Building CXX object CMakeFiles/flex_player_test.dir/build_container/.rcc/qmlcache/flex_player_test_src/SeriesDetailsView_qml.cpp.o
#11 5.071 [76/119] Building CXX object CMakeFiles/flex_player_test.dir/src/PlexAuth.cpp.o
#11 5.104 [77/119] Building CXX object CMakeFiles/flex_player_test.dir/build_container/.rcc/qmlcache/flex_player_test_src/Main_qml.cpp.o
#11 5.130 [78/119] Building CXX object CMakeFiles/flex_player_test.dir/build_container/.rcc/qmlcache/flex_player_test_src/MovieDetailsView_qml.cpp.o
#11 5.183 [79/119] Building CXX object CMakeFiles/flex_player_test.dir/build_container/.rcc/qmlcache/flex_player_test_src/MoviePosterDelegate_qml.cpp.o
#11 5.186 [80/119] Building CXX object CMakeFiles/flex_player_test.dir/build_container/.rcc/qmlcache/flex_player_test_src/SeasonDetailsView_qml.cpp.o
#11 5.208 [81/119] Building CXX object CMakeFiles/flex_player_app.dir/build_container/.rcc/qmlcache/flex_player_app_qmlcache_loader.cpp.o
#11 5.269 [82/119] Building CXX object CMakeFiles/flex_player_test.dir/build_container/.rcc/qmlcache/flex_player_test_src/DetailsCastList_qml.cpp.o
#11 5.291 [83/119] Building CXX object CMakeFiles/flex_player_app.dir/src/PlexConnectionManager.cpp.o
#11 5.311 [84/119] Building CXX object CMakeFiles/flex_player_app.dir/build_container/.qt/rcc/qrc_flex_player_app_raw_qml_0_extra_qmldirs.cpp.o
#11 5.326 [85/119] Building CXX object CMakeFiles/flex_player_test.dir/src/ScreenSaverInhibitor.cpp.o
#11 5.375 [86/119] Building CXX object CMakeFiles/flex_player_app.dir/build_container/.qt/rcc/qrc_flex_player_app_raw_qml_0.cpp.o
#11 5.522 [87/119] Building CXX object CMakeFiles/flex_player_test.dir/src/PlexConnectionManager.cpp.o
#11 5.529 [88/119] Building CXX object CMakeFiles/flex_player_app.dir/src/PlexAuth.cpp.o
#11 5.581 [89/119] Building CXX object CMakeFiles/flex_player_test.dir/src/MpvItem.cpp.o
#11 5.607 [90/119] Building CXX object CMakeFiles/flex_player_app.dir/build_container/.rcc/qmlcache/flex_player_app_src/TopToolbar_qml.cpp.o
#11 5.707 [91/119] Building CXX object CMakeFiles/flex_player_app.dir/build_container/.rcc/qmlcache/flex_player_app_src/GlobalController_qml.cpp.o
#11 5.733 [92/119] Building CXX object CMakeFiles/flex_player_test.dir/build_container/.rcc/qmlcache/flex_player_test_src/LibraryRail_qml.cpp.o
#11 5.748 [93/119] Building CXX object CMakeFiles/flex_player_test.dir/flex_player_test_qmltyperegistrations.cpp.o
#11 5.781 [94/119] Building CXX object CMakeFiles/flex_player_app.dir/src/MpvItem.cpp.o
#11 5.819 [95/119] Building CXX object CMakeFiles/flex_player_app.dir/build_container/.rcc/qmlcache/flex_player_app_src/Main_qml.cpp.o
#11 5.869 [96/119] Building CXX object CMakeFiles/flex_player_app.dir/build_container/.rcc/qmlcache/flex_player_app_src/SidebarView_qml.cpp.o
#11 5.898 [97/119] Building CXX object CMakeFiles/flex_player_test.dir/build_container/.rcc/qmlcache/flex_player_test_src/SettingsWindow_qml.cpp.o
#11 6.016 [98/119] Building CXX object CMakeFiles/flex_player_app.dir/build_container/.rcc/qmlcache/flex_player_app_src/AppConfig_qml.cpp.o
#11 6.097 [99/119] Building CXX object CMakeFiles/flex_player_app.dir/src/main.cpp.o
#11 6.132 [100/119] Building CXX object CMakeFiles/flex_player_test.dir/src/PlexModel.cpp.o
#11 6.133 [101/119] Building CXX object CMakeFiles/flex_player_app.dir/flex_player_app_autogen/mocs_compilation.cpp.o
#11 6.228 [102/119] Building CXX object CMakeFiles/flex_player_app.dir/flex_player_app_qmltyperegistrations.cpp.o
#11 6.260 [103/119] Building CXX object CMakeFiles/flex_player_test.dir/flex_player_test_autogen/mocs_compilation.cpp.o
#11 6.281 [104/119] Building CXX object CMakeFiles/flex_player_app.dir/build_container/.rcc/qmlcache/flex_player_app_src/CollectionMoviesView_qml.cpp.o
#11 6.295 [105/119] Building CXX object CMakeFiles/flex_player_test.dir/build_container/.rcc/qmlcache/flex_player_test_src/LibraryRecommendView_qml.cpp.o
#11 6.441 [106/119] Building CXX object CMakeFiles/flex_player_app.dir/build_container/.rcc/qmlcache/flex_player_app_src/LibraryRail_qml.cpp.o
#11 6.458 [107/119] Building CXX object CMakeFiles/flex_player_app.dir/build_container/.rcc/qmlcache/flex_player_app_src/MovieDetailsView_qml.cpp.o
#11 6.479 [108/119] Building CXX object CMakeFiles/flex_player_test.dir/tests/main_test.cpp.o
#11 6.522 [109/119] Building CXX object CMakeFiles/flex_player_app.dir/build_container/.rcc/qmlcache/flex_player_app_src/SeriesDetailsView_qml.cpp.o
#11 6.526 [110/119] Building CXX object CMakeFiles/flex_player_app.dir/build_container/.rcc/qmlcache/flex_player_app_src/HomeView_qml.cpp.o
#11 6.546 [111/119] Building CXX object CMakeFiles/flex_player_app.dir/build_container/.rcc/qmlcache/flex_player_app_src/PlayerView_qml.cpp.o
#11 6.562 [112/119] Building CXX object CMakeFiles/flex_player_app.dir/build_container/.rcc/qmlcache/flex_player_app_src/DetailsCastList_qml.cpp.o
#11 6.571 [113/119] Building CXX object CMakeFiles/flex_player_app.dir/build_container/.rcc/qmlcache/flex_player_app_src/MoviePosterDelegate_qml.cpp.o
#11 6.594 [114/119] Building CXX object CMakeFiles/flex_player_app.dir/build_container/.rcc/qmlcache/flex_player_app_src/SeasonDetailsView_qml.cpp.o
#11 6.630 [115/119] Building CXX object CMakeFiles/flex_player_app.dir/src/PlexModel.cpp.o
#11 6.652 [116/119] Building CXX object CMakeFiles/flex_player_app.dir/build_container/.rcc/qmlcache/flex_player_app_src/SettingsWindow_qml.cpp.o
#11 6.859 [117/119] Linking CXX executable flex_player_test
#11 7.046 [118/119] Building CXX object CMakeFiles/flex_player_app.dir/build_container/.rcc/qmlcache/flex_player_app_src/LibraryRecommendView_qml.cpp.o
#11 7.371 [119/119] Linking CXX executable flex_player_app
#11 DONE 7.4s

#12 [8/8] RUN chmod +x /app/tests/docker_entrypoint.sh
#12 DONE 0.3s

#13 exporting to image
#13 exporting layers
#13 exporting layers 1.8s done
#13 exporting manifest sha256:8b934ce0a3d0274c09239b3f8fec25507fc0e927809fb175bc7c3de66efb1e60 0.0s done
#13 exporting config sha256:b7fb151cb7ba7dc9ecc95fb36e796271179843416aba45eb4cb27d177b72ef04 0.0s done
#13 exporting attestation manifest sha256:9a866151fdd91b587fdf13e73c4c759e80573654e968f259ead232a1f777267a 0.1s done
#13 exporting manifest list sha256:dd6a958e6d6385150302108c752c5449afb3735b685a11afd8db397afceb0797
#13 exporting manifest list sha256:dd6a958e6d6385150302108c752c5449afb3735b685a11afd8db397afceb0797 0.0s done
#13 naming to docker.io/library/flex-player-test:latest done
#13 unpacking to docker.io/library/flex-player-test:latest
#13 unpacking to docker.io/library/flex-player-test:latest 7.1s done
#13 DONE 9.0s
