#0 building with "default" instance using docker driver

#1 [internal] load build definition from Dockerfile.test
#1 DONE 0.0s

#1 [internal] load build definition from Dockerfile.test
#1 transferring dockerfile: 1.18kB done
#1 DONE 0.0s

#2 [internal] load metadata for docker.io/library/fedora:40
#2 DONE 0.0s

#3 [internal] load .dockerignore
#3 transferring context: 153B done
#3 DONE 0.0s

#4 [1/8] FROM docker.io/library/fedora:40@sha256:3c86d25fef9d2001712bc3d9b091fc40cf04be4767e48f1aa3b785bf58d300ed
#4 resolve docker.io/library/fedora:40@sha256:3c86d25fef9d2001712bc3d9b091fc40cf04be4767e48f1aa3b785bf58d300ed 0.0s done
#4 DONE 0.0s

#5 [internal] load build context
#5 transferring context: 409.78kB 0.6s done
#5 DONE 0.6s

#6 [2/8] RUN dnf -y install     gcc-c++     cmake     ninja-build     patch     extra-cmake-modules     pkgconf-pkg-config     qt6-qtbase-devel     qt6-qtbase-private-devel     qt6-qtdeclarative-devel     qt6-qtsvg-devel     qt6-qtmultimedia-devel     qt6-qtwayland     mpv-libs-devel     weston     xorg-x11-server-Xwayland     mesa-dri-drivers     libX11-devel     libXext-devel     libXrender-devel     libxkbcommon-devel     strace     && dnf clean all
#6 CACHED

#7 [3/8] WORKDIR /app
#7 CACHED

#8 [4/8] COPY . /app
#8 DONE 0.1s

#9 [5/8] RUN patch -p1 < flatpak/patches/mpvqt-flatpak-fixes.patch
#9 0.207 patching file 3rdparty/mpvqt/CMakeLists.txt
#9 0.208 patching file 3rdparty/mpvqt/src/CMakeLists.txt
#9 0.208 patching file 3rdparty/mpvqt/src/mpvrenderer.cpp
#9 DONE 0.2s

#10 [6/8] RUN sed -i 's/ECM 6.15.0/ECM 6.13.0/g' 3rdparty/mpvqt/CMakeLists.txt
#10 DONE 0.2s

#11 [7/8] RUN mkdir build_container && cd build_container &&     cmake -G Ninja ..     -DCMAKE_BUILD_TYPE=Release     -DECM_DIR=/usr/share/ECM/cmake &&     ninja
#11 0.379 -- The CXX compiler identification is GNU 14.2.1
#11 0.384 -- Detecting CXX compiler ABI info
#11 0.424 -- Detecting CXX compiler ABI info - done
#11 0.430 -- Check for working CXX compiler: /usr/bin/c++ - skipped
#11 0.431 -- Detecting CXX compile features
#11 0.431 -- Detecting CXX compile features - done
#11 0.438 -- Performing Test CMAKE_HAVE_LIBC_PTHREAD
#11 0.485 -- Performing Test CMAKE_HAVE_LIBC_PTHREAD - Success
#11 0.485 -- Found Threads: TRUE
#11 0.488 -- Performing Test HAVE_STDATOMIC
#11 0.547 -- Performing Test HAVE_STDATOMIC - Success
#11 0.547 -- Found WrapAtomic: TRUE
#11 0.559 -- Found OpenGL: /usr/lib64/libOpenGL.so
#11 0.559 -- Found WrapOpenGL: TRUE
#11 0.640 -- Found XKB: /usr/lib64/libxkbcommon.so (found suitable version "1.6.0", minimum required is "0.5.0")
#11 0.656 -- Found WrapVulkanHeaders: /usr/include
#11 0.711 -- Found PkgConfig: /usr/bin/pkg-config (found version "2.1.1")
#11 0.712 -- Checking for module 'mpv'
#11 0.730 --   Found mpv, version 2.2.0
#11 0.826 -- Installing in the same prefix as Qt, adopting their path scheme.
#11 0.836 -- Looking for __GLIBC__
#11 0.879 -- Looking for __GLIBC__ - found
#11 0.880 -- Performing Test _OFFT_IS_64BIT
#11 0.921 -- Performing Test _OFFT_IS_64BIT - Success
#11 0.922 -- Performing Test HAVE_DATE_TIME
#11 0.963 -- Performing Test HAVE_DATE_TIME - Success
#11 1.076 -- Found Libmpv: /usr/lib64/libmpv.so (found version "2.2.0")
#11 1.077 -- The following OPTIONAL packages have been found:
#11 1.077 
#11 1.077  * OpenGL
#11 1.077  * XKB (required version >= 0.5.0), XKB API common to servers and clients., <http://xkbcommon.org>
#11 1.077  * Qt6GuiTools (required version >= 6.8.2)
#11 1.077  * Qt6CoreTools (required version >= 6.8.2)
#11 1.077  * Qt6DBusTools (required version >= 6.8.2)
#11 1.077  * WrapVulkanHeaders
#11 1.077  * Qt6Test
#11 1.077  * Qt6QuickTest
#11 1.077  * Qt6QmlTools (required version >= 6.8.2)
#11 1.077  * Qt6QuickTools (required version >= 6.8.2)
#11 1.077 
#11 1.077 -- The following REQUIRED packages have been found:
#11 1.077 
#11 1.077  * ECM (required version >= 6.13.0), Extra modules and scripts for CMake, <https://api.kde.org/ecm/>
#11 1.077  * Qt6
#11 1.077  * Qt6Quick (required version >= 6.5.0)
#11 1.077  * PkgConfig
#11 1.077  * Libmpv, mpv media player client library, <https://mpv.io>
#11 1.077 
#11 1.079 -- Performing Test COMPILER_HAS_HIDDEN_VISIBILITY
#11 1.120 -- Performing Test COMPILER_HAS_HIDDEN_VISIBILITY - Success
#11 1.121 -- Performing Test COMPILER_HAS_HIDDEN_INLINE_VISIBILITY
#11 1.158 -- Performing Test COMPILER_HAS_HIDDEN_INLINE_VISIBILITY - Success
#11 1.158 -- Performing Test COMPILER_HAS_DEPRECATED_ATTR
#11 1.196 -- Performing Test COMPILER_HAS_DEPRECATED_ATTR - Success
#11 1.318 -- Configuring done (1.0s)
#11 1.354 -- Generating done (0.0s)
#11 1.355 -- Build files have been written to: /app/build_container
#11 1.369 [1/119] Copying flex_player_app qml sources into build dir
#11 1.369 [2/119] Copying flex_player_app qml resources into build dir
#11 1.369 [3/119] Copying flex_player_test qml resources into build dir
#11 1.369 [4/119] Copying flex_player_test qml sources into build dir
#11 1.414 [5/119] Running qmlimportscanner for flex_player_test
#11 1.414 [6/119] Running qmlimportscanner for flex_player_app
#11 1.518 [7/119] Automatic MOC for target MpvQt
#11 1.524 [8/119] Building CXX object 3rdparty/mpvqt/src/CMakeFiles/MpvQt.dir/MpvQt_autogen/mocs_compilation.cpp.o
#11 2.362 [9/119] Building CXX object 3rdparty/mpvqt/src/CMakeFiles/MpvQt.dir/mpvrenderer.cpp.o
#11 2.367 [10/119] Building CXX object 3rdparty/mpvqt/src/CMakeFiles/MpvQt.dir/mpvcontroller.cpp.o
#11 2.566 [11/119] Building CXX object 3rdparty/mpvqt/src/CMakeFiles/MpvQt.dir/mpvabstractitem.cpp.o
#11 2.690 [12/119] Linking CXX shared library bin/libMpvQt.so.1.2.0
#11 2.694 [13/119] Creating library symlink bin/libMpvQt.so.3 bin/libMpvQt.so
#11 3.230 [14/119] Automatic MOC and UIC for target flex_player_app
#11 3.232 [15/119] Running AUTOMOC file extraction for target flex_player_app
#11 3.233 [16/119] Running rcc for resource flex_player_app_raw_qml_0_extra_qmldirs
#11 3.234 [17/119] Running rcc for resource qmake_flex_player
#11 3.237 [18/119] Running moc --collect-json for target flex_player_app
#11 3.242 [19/119] Generating .rcc/qmlcache/flex_player_app_qmlcache_loader.cpp
#11 3.244 [20/119] Automatic MOC and UIC for target flex_player_test
#11 3.245 [21/119] Running AUTOMOC file extraction for target flex_player_test
#11 3.246 [22/119] Running rcc for resource qmake_flex_player_test_module
#11 3.247 [23/119] Running rcc for resource flex_player_test_raw_qml_0_extra_qmldirs
#11 3.250 [24/119] Running moc --collect-json for target flex_player_test
#11 3.255 [25/119] Generating .rcc/qmlcache/flex_player_test_qmlcache_loader.cpp
#11 3.268 [26/119] Automatic QML type registration for target flex_player_app
#11 3.272 [27/119] Running rcc for resource flex_player_app_raw_qml_0
#11 3.277 [28/119] Automatic QML type registration for target flex_player_test
#11 3.287 [29/119] Running rcc for resource flex_player_test_raw_qml_0
#11 3.338 [30/119] Generating .rcc/qmlcache/flex_player_app_src/GlobalController_qml.cpp, .rcc/qmlcache/flex_player_app_src/GlobalController_qml.cpp.aotstats
#11 3.338 [31/119] Generating .rcc/qmlcache/flex_player_app_src/SidebarView_qml.cpp, .rcc/qmlcache/flex_player_app_src/SidebarView_qml.cpp.aotstats
#11 3.338 [32/119] Generating .rcc/qmlcache/flex_player_app_src/CollectionMoviesView_qml.cpp, .rcc/qmlcache/flex_player_app_src/CollectionMoviesView_qml.cpp.aotstats
#11 3.339 [33/119] Generating .rcc/qmlcache/flex_player_app_src/TopToolbar_qml.cpp, .rcc/qmlcache/flex_player_app_src/TopToolbar_qml.cpp.aotstats
#11 3.343 [34/119] Generating .rcc/qmlcache/flex_player_test_src/SidebarView_qml.cpp, .rcc/qmlcache/flex_player_test_src/SidebarView_qml.cpp.aotstats
#11 3.344 [35/119] Generating .rcc/qmlcache/flex_player_app_src/MoviePosterDelegate_qml.cpp, .rcc/qmlcache/flex_player_app_src/MoviePosterDelegate_qml.cpp.aotstats
#11 3.344 [36/119] Generating .rcc/qmlcache/flex_player_app_src/LibraryRail_qml.cpp, .rcc/qmlcache/flex_player_app_src/LibraryRail_qml.cpp.aotstats
#11 3.345 [37/119] Generating .rcc/qmlcache/flex_player_test_src/TopToolbar_qml.cpp, .rcc/qmlcache/flex_player_test_src/TopToolbar_qml.cpp.aotstats
#11 3.345 [38/119] Generating .rcc/qmlcache/flex_player_test_src/AppConfig_qml.cpp, .rcc/qmlcache/flex_player_test_src/AppConfig_qml.cpp.aotstats
#11 3.348 [39/119] Generating .rcc/qmlcache/flex_player_app_src/HomeView_qml.cpp, .rcc/qmlcache/flex_player_app_src/HomeView_qml.cpp.aotstats
#11 3.350 [40/119] Generating .rcc/qmlcache/flex_player_app_src/DetailsCastList_qml.cpp, .rcc/qmlcache/flex_player_app_src/DetailsCastList_qml.cpp.aotstats
#11 3.351 [41/119] Generating .rcc/qmlcache/flex_player_test_src/DetailsCastList_qml.cpp, .rcc/qmlcache/flex_player_test_src/DetailsCastList_qml.cpp.aotstats
#11 3.352 [42/119] Generating .rcc/qmlcache/flex_player_test_src/GlobalController_qml.cpp, .rcc/qmlcache/flex_player_test_src/GlobalController_qml.cpp.aotstats
#11 3.352 [43/119] Generating .rcc/qmlcache/flex_player_test_src/CollectionMoviesView_qml.cpp, .rcc/qmlcache/flex_player_test_src/CollectionMoviesView_qml.cpp.aotstats
#11 3.352 [44/119] Generating .rcc/qmlcache/flex_player_app_src/LibraryRecommendView_qml.cpp, .rcc/qmlcache/flex_player_app_src/LibraryRecommendView_qml.cpp.aotstats
#11 3.354 [45/119] Generating .rcc/qmlcache/flex_player_app_src/SeasonDetailsView_qml.cpp, .rcc/qmlcache/flex_player_app_src/SeasonDetailsView_qml.cpp.aotstats
#11 3.359 [46/119] Generating .rcc/qmlcache/flex_player_app_src/SeriesDetailsView_qml.cpp, .rcc/qmlcache/flex_player_app_src/SeriesDetailsView_qml.cpp.aotstats
#11 3.359 [47/119] Generating .rcc/qmlcache/flex_player_app_src/AppConfig_qml.cpp, .rcc/qmlcache/flex_player_app_src/AppConfig_qml.cpp.aotstats
#11 3.361 [48/119] Generating .rcc/qmlcache/flex_player_test_src/LibraryRail_qml.cpp, .rcc/qmlcache/flex_player_test_src/LibraryRail_qml.cpp.aotstats
#11 3.362 [49/119] Generating .rcc/qmlcache/flex_player_test_src/SeriesDetailsView_qml.cpp, .rcc/qmlcache/flex_player_test_src/SeriesDetailsView_qml.cpp.aotstats
#11 3.362 [50/119] Generating .rcc/qmlcache/flex_player_test_src/SeasonDetailsView_qml.cpp, .rcc/qmlcache/flex_player_test_src/SeasonDetailsView_qml.cpp.aotstats
#11 3.362 [51/119] Generating .rcc/qmlcache/flex_player_app_src/PlayerView_qml.cpp, .rcc/qmlcache/flex_player_app_src/PlayerView_qml.cpp.aotstats
#11 3.365 [52/119] Generating .rcc/qmlcache/flex_player_app_src/MovieDetailsView_qml.cpp, .rcc/qmlcache/flex_player_app_src/MovieDetailsView_qml.cpp.aotstats
#11 3.372 [53/119] Generating .rcc/qmlcache/flex_player_test_src/MovieDetailsView_qml.cpp, .rcc/qmlcache/flex_player_test_src/MovieDetailsView_qml.cpp.aotstats
#11 3.376 [54/119] Generating .rcc/qmlcache/flex_player_test_src/LibraryRecommendView_qml.cpp, .rcc/qmlcache/flex_player_test_src/LibraryRecommendView_qml.cpp.aotstats
#11 3.376 [55/119] Generating .rcc/qmlcache/flex_player_test_src/MoviePosterDelegate_qml.cpp, .rcc/qmlcache/flex_player_test_src/MoviePosterDelegate_qml.cpp.aotstats
#11 3.380 [56/119] Generating .rcc/qmlcache/flex_player_test_src/HomeView_qml.cpp, .rcc/qmlcache/flex_player_test_src/HomeView_qml.cpp.aotstats
#11 3.381 [57/119] Generating .rcc/qmlcache/flex_player_test_src/PlayerView_qml.cpp, .rcc/qmlcache/flex_player_test_src/PlayerView_qml.cpp.aotstats
#11 3.387 [58/119] Generating .rcc/qmlcache/flex_player_app_src/SettingsWindow_qml.cpp, .rcc/qmlcache/flex_player_app_src/SettingsWindow_qml.cpp.aotstats
#11 3.391 [59/119] Generating .rcc/qmlcache/flex_player_test_src/SettingsWindow_qml.cpp, .rcc/qmlcache/flex_player_test_src/SettingsWindow_qml.cpp.aotstats
#11 3.437 [60/119] Generating .rcc/qmlcache/flex_player_app_src/Main_qml.cpp, .rcc/qmlcache/flex_player_app_src/Main_qml.cpp.aotstats
#11 3.458 [61/119] Building CXX object CMakeFiles/flex_player_app.dir/build_container/.qt/rcc/qrc_qmake_flex_player.cpp.o
#11 3.458 [62/119] Building CXX object CMakeFiles/flex_player_app.dir/build_container/.qt/rcc/qrc_flex_player_app_raw_qml_0_extra_qmldirs.cpp.o
#11 3.461 [63/119] Generating .rcc/qmlcache/flex_player_test_src/Main_qml.cpp, .rcc/qmlcache/flex_player_test_src/Main_qml.cpp.aotstats
#11 3.495 [64/119] Building CXX object CMakeFiles/flex_player_app.dir/build_container/.qt/rcc/qrc_flex_player_app_raw_qml_0.cpp.o
#11 3.542 [65/119] Building CXX object CMakeFiles/flex_player_test.dir/build_container/.qt/rcc/qrc_qmake_flex_player_test_module.cpp.o
#11 4.738 [66/119] Building CXX object CMakeFiles/flex_player_app.dir/build_container/.rcc/qmlcache/flex_player_app_src/CollectionMoviesView_qml.cpp.o
#11 4.753 [67/119] Building CXX object CMakeFiles/flex_player_app.dir/build_container/.rcc/qmlcache/flex_player_app_src/TopToolbar_qml.cpp.o
#11 4.866 [68/119] Building CXX object CMakeFiles/flex_player_app.dir/build_container/.rcc/qmlcache/flex_player_app_src/LibraryRail_qml.cpp.o
#11 4.914 [69/119] Building CXX object CMakeFiles/flex_player_app.dir/build_container/.rcc/qmlcache/flex_player_app_src/GlobalController_qml.cpp.o
#11 4.956 [70/119] Building CXX object CMakeFiles/flex_player_app.dir/src/ScreenSaverInhibitor.cpp.o
#11 4.965 [71/119] Building CXX object CMakeFiles/flex_player_test.dir/src/ScreenSaverInhibitor.cpp.o
#11 5.050 [72/119] Building CXX object CMakeFiles/flex_player_test.dir/src/MpvItem.cpp.o
#11 5.067 [73/119] Building CXX object CMakeFiles/flex_player_app.dir/build_container/.rcc/qmlcache/flex_player_app_src/HomeView_qml.cpp.o
#11 5.071 [74/119] Building CXX object CMakeFiles/flex_player_app.dir/build_container/.rcc/qmlcache/flex_player_app_src/Main_qml.cpp.o
#11 5.125 [75/119] Building CXX object CMakeFiles/flex_player_app.dir/build_container/.rcc/qmlcache/flex_player_app_qmlcache_loader.cpp.o
#11 5.150 [76/119] Building CXX object CMakeFiles/flex_player_app.dir/build_container/.rcc/qmlcache/flex_player_app_src/MovieDetailsView_qml.cpp.o
#11 5.221 [77/119] Building CXX object CMakeFiles/flex_player_app.dir/build_container/.rcc/qmlcache/flex_player_app_src/DetailsCastList_qml.cpp.o
#11 5.340 [78/119] Building CXX object CMakeFiles/flex_player_app.dir/build_container/.rcc/qmlcache/flex_player_app_src/SeriesDetailsView_qml.cpp.o
#11 5.371 [79/119] Building CXX object CMakeFiles/flex_player_app.dir/build_container/.rcc/qmlcache/flex_player_app_src/SeasonDetailsView_qml.cpp.o
#11 5.471 [80/119] Building CXX object CMakeFiles/flex_player_test.dir/src/PlexConnectionManager.cpp.o
#11 5.510 [81/119] Building CXX object CMakeFiles/flex_player_app.dir/src/PlexAuth.cpp.o
#11 5.563 [82/119] Building CXX object CMakeFiles/flex_player_app.dir/src/MpvItem.cpp.o
#11 5.608 [83/119] Building CXX object CMakeFiles/flex_player_app.dir/build_container/.rcc/qmlcache/flex_player_app_src/PlayerView_qml.cpp.o
#11 5.620 [84/119] Building CXX object CMakeFiles/flex_player_app.dir/build_container/.rcc/qmlcache/flex_player_app_src/AppConfig_qml.cpp.o
#11 5.624 [85/119] Building CXX object CMakeFiles/flex_player_test.dir/build_container/.qt/rcc/qrc_flex_player_test_raw_qml_0.cpp.o
#11 5.635 [86/119] Building CXX object CMakeFiles/flex_player_app.dir/build_container/.rcc/qmlcache/flex_player_app_src/SidebarView_qml.cpp.o
#11 5.647 [87/119] Building CXX object CMakeFiles/flex_player_test.dir/build_container/.qt/rcc/qrc_flex_player_test_raw_qml_0_extra_qmldirs.cpp.o
#11 5.684 [88/119] Building CXX object CMakeFiles/flex_player_test.dir/flex_player_test_qmltyperegistrations.cpp.o
#11 5.717 [89/119] Building CXX object CMakeFiles/flex_player_test.dir/build_container/.rcc/qmlcache/flex_player_test_qmlcache_loader.cpp.o
#11 5.773 [90/119] Building CXX object CMakeFiles/flex_player_test.dir/src/PlexAuth.cpp.o
#11 5.857 [91/119] Building CXX object CMakeFiles/flex_player_app.dir/build_container/.rcc/qmlcache/flex_player_app_src/SettingsWindow_qml.cpp.o
#11 5.969 [92/119] Building CXX object CMakeFiles/flex_player_app.dir/src/PlexConnectionManager.cpp.o
#11 6.013 [93/119] Building CXX object CMakeFiles/flex_player_app.dir/flex_player_app_qmltyperegistrations.cpp.o
#11 6.024 [94/119] Building CXX object CMakeFiles/flex_player_app.dir/build_container/.rcc/qmlcache/flex_player_app_src/MoviePosterDelegate_qml.cpp.o
#11 6.122 [95/119] Building CXX object CMakeFiles/flex_player_test.dir/build_container/.rcc/qmlcache/flex_player_test_src/TopToolbar_qml.cpp.o
#11 6.207 [96/119] Building CXX object CMakeFiles/flex_player_app.dir/build_container/.rcc/qmlcache/flex_player_app_src/LibraryRecommendView_qml.cpp.o
#11 6.252 [97/119] Building CXX object CMakeFiles/flex_player_app.dir/src/main.cpp.o
#11 6.258 [98/119] Building CXX object CMakeFiles/flex_player_test.dir/build_container/.rcc/qmlcache/flex_player_test_src/GlobalController_qml.cpp.o
#11 6.284 [99/119] Building CXX object CMakeFiles/flex_player_app.dir/flex_player_app_autogen/mocs_compilation.cpp.o
#11 6.308 [100/119] Building CXX object CMakeFiles/flex_player_test.dir/build_container/.rcc/qmlcache/flex_player_test_src/AppConfig_qml.cpp.o
#11 6.334 [101/119] Building CXX object CMakeFiles/flex_player_test.dir/build_container/.rcc/qmlcache/flex_player_test_src/SidebarView_qml.cpp.o
#11 6.357 [102/119] Building CXX object CMakeFiles/flex_player_test.dir/tests/main_test.cpp.o
#11 6.474 [103/119] Building CXX object CMakeFiles/flex_player_test.dir/build_container/.rcc/qmlcache/flex_player_test_src/LibraryRail_qml.cpp.o
#11 6.505 [104/119] Building CXX object CMakeFiles/flex_player_app.dir/src/PlexModel.cpp.o
#11 6.542 [105/119] Building CXX object CMakeFiles/flex_player_test.dir/build_container/.rcc/qmlcache/flex_player_test_src/CollectionMoviesView_qml.cpp.o
#11 6.561 [106/119] Building CXX object CMakeFiles/flex_player_test.dir/build_container/.rcc/qmlcache/flex_player_test_src/Main_qml.cpp.o
#11 6.658 [107/119] Building CXX object CMakeFiles/flex_player_test.dir/build_container/.rcc/qmlcache/flex_player_test_src/MoviePosterDelegate_qml.cpp.o
#11 6.682 [108/119] Building CXX object CMakeFiles/flex_player_test.dir/build_container/.rcc/qmlcache/flex_player_test_src/MovieDetailsView_qml.cpp.o
#11 6.693 [109/119] Building CXX object CMakeFiles/flex_player_test.dir/build_container/.rcc/qmlcache/flex_player_test_src/SeriesDetailsView_qml.cpp.o
#11 6.695 [110/119] Building CXX object CMakeFiles/flex_player_test.dir/build_container/.rcc/qmlcache/flex_player_test_src/PlayerView_qml.cpp.o
#11 6.697 [111/119] Building CXX object CMakeFiles/flex_player_test.dir/build_container/.rcc/qmlcache/flex_player_test_src/DetailsCastList_qml.cpp.o
#11 6.708 [112/119] Building CXX object CMakeFiles/flex_player_test.dir/src/PlexModel.cpp.o
#11 6.793 [113/119] Building CXX object CMakeFiles/flex_player_test.dir/flex_player_test_autogen/mocs_compilation.cpp.o
#11 6.828 [114/119] Building CXX object CMakeFiles/flex_player_test.dir/build_container/.rcc/qmlcache/flex_player_test_src/HomeView_qml.cpp.o
#11 6.892 [115/119] Building CXX object CMakeFiles/flex_player_test.dir/build_container/.rcc/qmlcache/flex_player_test_src/SeasonDetailsView_qml.cpp.o
#11 6.908 [116/119] Building CXX object CMakeFiles/flex_player_test.dir/build_container/.rcc/qmlcache/flex_player_test_src/SettingsWindow_qml.cpp.o
#11 6.924 [117/119] Linking CXX executable flex_player_app
#11 7.375 [118/119] Building CXX object CMakeFiles/flex_player_test.dir/build_container/.rcc/qmlcache/flex_player_test_src/LibraryRecommendView_qml.cpp.o
#11 7.703 [119/119] Linking CXX executable flex_player_test
#11 DONE 7.7s

#12 [8/8] RUN chmod +x /app/tests/docker_entrypoint.sh
#12 DONE 0.3s

#13 exporting to image
#13 exporting layers
#13 exporting layers 1.8s done
#13 exporting manifest sha256:78cc83ef1a0ec3666a7129d8241b0148ff39e478e853f0a3bc1ce35446477caa 0.0s done
#13 exporting config sha256:223acc7828fee3cfe2076d5c7a4c88582a8a4f1030119b455d85ad87e330922b 0.0s done
#13 exporting attestation manifest sha256:869e372e91950865a767b76cd622b02f2be80534547a6904dd04064264397e24 0.1s done
#13 exporting manifest list sha256:b55a735fb4fc9c25f8a918b9ce5d316845ab368dde11153b0b1f48e735fa8372
#13 exporting manifest list sha256:b55a735fb4fc9c25f8a918b9ce5d316845ab368dde11153b0b1f48e735fa8372 0.0s done
#13 naming to docker.io/library/flex-player-test:latest done
#13 unpacking to docker.io/library/flex-player-test:latest
#13 unpacking to docker.io/library/flex-player-test:latest 7.1s done
#13 DONE 9.1s
