[cplayer] Set property: msg-level="all=v" -> 1
[cplayer] Set property: vo="libmpv" -> 1
[cplayer] Set property: target-colorspace-hint="yes" -> 1
[cplayer] Set property: hwdec="auto-safe" -> 1
[cplayer] Set property: config="yes" -> 1
[cplayer] Set property: config-dir="/home/geonix/.config/flex-player/mpv" -> 1
[cplayer] Done loading scripts.
qrc:/qt/qml/flex_player/src/MovieDetailsView.qml:458:33: QML Connections: Detected function "onPressedChanged" in Connections element. This is probably intended to be a signal handler but no signal of the target matches the name.
qrc:/qt/qml/flex_player/src/MovieDetailsView.qml:390:33: QML Connections: Detected function "onPressedChanged" in Connections element. This is probably intended to be a signal handler but no signal of the target matches the name.
qrc:/qt/qml/flex_player/src/MovieDetailsView.qml:322:33: QML Connections: Detected function "onPressedChanged" in Connections element. This is probably intended to be a signal handler but no signal of the target matches the name.
qml: GlobalController: startupLogic running...
qml: GlobalController: Probing primary server: omv
qml: GlobalController: Probing primary omv with 6 connections
qml:   - Candidate: 172.17.0.1:32400 (https, local: true)
qml:   - Candidate: 172.172.0.1:32400 (https, local: false)
qml:   - Candidate: 172.29.172.1:32400 (https, local: true)
qml:   - Candidate: 192.168.31.2:32400 (https, local: true)
qml:   - Candidate: 172.18.0.1:32400 (https, local: true)
qml:   - Candidate: 99.31.213.169:22469 (https, local: false)
[ConnManager] Starting exhaustive probe for 6 candidates. TestMode: false
qml: LibraryRail [Movies] (Type: movie): Fetching from /library/sections/1/recentlyAdded
qml: LibraryRail [Movies] (Type: movie): Fetching from /library/sections/1/recentlyAdded
qml: LibraryRail [Movies] (Type: movie): Fetching from /library/sections/1/recentlyAdded
qml: LibraryRail [Movies] (Type: movie): Fetching from /library/sections/1/recentlyAdded
qml: LibraryRail [Movies] (Type: movie): Fetching from /library/sections/1/recentlyAdded
qml: LibraryRail [Series] (Type: show): Fetching from /library/sections/4/all?type=2&sort=addedAt:desc
qml: LibraryRail [Series] (Type: show): Fetching from /library/sections/4/all?type=2&sort=addedAt:desc
qml: LibraryRail [Series] (Type: show): Fetching from /library/sections/4/all?type=2&sort=addedAt:desc
qml: LibraryRail [Series] (Type: show): Fetching from /library/sections/4/all?type=2&sort=addedAt:desc
qml: LibraryRail [Series] (Type: show): Fetching from /library/sections/4/all?type=2&sort=addedAt:desc
qml: GlobalController: Waiting for connection resolution...
[ConnManager] Candidate failed: "https://172.17.0.1:32400" Error: "Connection refused"
[libmpv_render] GL_VERSION='4.6 (Core Profile) Mesa 26.1.2'
[libmpv_render] Detected desktop OpenGL 4.6.
[libmpv_render] GL_VENDOR='AMD'
[libmpv_render] GL_RENDERER='AMD Ryzen 9 9950X 16-Core Processor (radeonsi, raphael_mendocino, ACO, DRM 3.64, 7.0.12-gentoo-dist)'
[libmpv_render] GL_SHADING_LANGUAGE_VERSION='4.60'
[libmpv_render] Loaded extension GL_KHR_debug.
[libmpv_render] GL_*_swap_control extension missing.
[libmpv_render] Testing FBO format rgba16f
[libmpv_render] Using FBO format rgba16f.
[libmpv_render] Loading hwdec driver 'vaapi'
[libmpv_render/vaapi] Using EGL dmabuf interop via GL_EXT_EGL_image_storage
[libmpv_render/vaapi] Trying to open a wayland VA display...
[libmpv_render/vaapi/vaapi] libva: VA-API version 1.23.0
[libmpv_render/vaapi/vaapi] libva: Trying to open /usr/lib64/va/drivers/radeonsi_drv_video.so
[libmpv_render/vaapi/vaapi] libva: Found init function __vaDriverInit_1_23
[libmpv_render/vaapi/vaapi] libva: va_openDriver() returns 0
[libmpv_render/vaapi/vaapi] Initialized VAAPI: version 1.23
[libmpv_render/vaapi] Going to probe surface formats (may log bogus errors)...
[libmpv_render/vaapi] Done probing surface formats.
[libmpv_render] Loading hwdec driver 'cuda'
[libmpv_render/cuda] cu->cuGLGetDevices(&device_count, &display_dev, 1, CU_GL_DEVICE_LIST_ALL) failed -> CUDA_ERROR_INVALID_GRAPHICS_CONTEXT: invalid OpenGL or DirectX context
[libmpv_render/cuda] CUDA hwdec only works with OpenGL or Vulkan backends.
[libmpv_render] Loading failed.
[libmpv_render] Loading hwdec driver 'drmprime'
[libmpv_render/drmprime] Using EGL dmabuf interop via GL_EXT_EGL_image_storage
[libmpv_render/drmprime] Using DRM device: /dev/dri/renderD128
[libmpv_render] Loading hwdec driver 'drmprime-overlay'
[libmpv_render/drmprime-overlay] Failed to retrieve DRM fd from native display.
[libmpv_render] Loading failed.
[libmpv_render] Loading hwdec driver 'vulkan'
[libmpv_render/vulkan] This is not a libplacebo vulkan gpu api context.
[PlexModel] Request failed (likely 404/401/SSL): QNetworkReply::SslHandshakeFailedError String: "SSL handshake failed: The host name did not match any of the valid hosts for this certificate"
[PlexModel] Request failed (likely 404/401/SSL): QNetworkReply::SslHandshakeFailedError String: "SSL handshake failed: The host name did not match any of the valid hosts for this certificate"
[PlexModel] Request failed (likely 404/401/SSL): QNetworkReply::SslHandshakeFailedError String: "SSL handshake failed: The host name did not match any of the valid hosts for this certificate"
[PlexModel] Request failed (likely 404/401/SSL): QNetworkReply::SslHandshakeFailedError String: "SSL handshake failed: The host name did not match any of the valid hosts for this certificate"
[PlexModel] Request failed (likely 404/401/SSL): QNetworkReply::SslHandshakeFailedError String: "SSL handshake failed: The host name did not match any of the valid hosts for this certificate"
[PlexModel] Request failed (likely 404/401/SSL): QNetworkReply::SslHandshakeFailedError String: "SSL handshake failed: The host name did not match any of the valid hosts for this certificate"
[PlexModel] Request failed (likely 404/401/SSL): QNetworkReply::SslHandshakeFailedError String: "SSL handshake failed: The host name did not match any of the valid hosts for this certificate"
[PlexModel] Request failed (likely 404/401/SSL): QNetworkReply::SslHandshakeFailedError String: "SSL handshake failed: The host name did not match any of the valid hosts for this certificate"
[PlexModel] Request failed (likely 404/401/SSL): QNetworkReply::SslHandshakeFailedError String: "SSL handshake failed: The host name did not match any of the valid hosts for this certificate"
[PlexModel] Request failed (likely 404/401/SSL): QNetworkReply::SslHandshakeFailedError String: "SSL handshake failed: The host name did not match any of the valid hosts for this certificate"
[ConnManager] SUCCESS reached: "https://99.31.213.169:22469" (Local: false )
[ConnManager] SUCCESS reached: "https://192.168.31.2:32400" (Local: true )
[ConnManager] Setting activeUrl to: "https://192.168.31.2:32400"
qml: GlobalController: Resolution finished, success=true activeUrl=https://192.168.31.2:32400
[PlexModel] Request failed (likely 404/401/SSL): QNetworkReply::SslHandshakeFailedError String: "SSL handshake failed: The host name did not match any of the valid hosts for this certificate"
[PlexModel] Request failed (likely 404/401/SSL): QNetworkReply::SslHandshakeFailedError String: "SSL handshake failed: The host name did not match any of the valid hosts for this certificate"
[PlexModel] Request failed (likely 404/401/SSL): QNetworkReply::SslHandshakeFailedError String: "SSL handshake failed: The host name did not match any of the valid hosts for this certificate"
qml: [Settings] Repeater binding to model, count=0
qml: [Settings] Created library delegate: undefined
qml: [Settings] Fetching libraries from active URL: https://192.168.31.2:32400
[PlexModel] Request failed (likely 404/401/SSL): QNetworkReply::SslHandshakeFailedError String: "SSL handshake failed: The host name did not match any of the valid hosts for this certificate"
[clipboard/wayland] Deregistering seat 0xb
